{"meta": {"format": 3, "version": "7.9.0", "timestamp": "2025-10-01T20:40:22.491590", "branch_coverage": false, "show_contexts": false}, "files": {"voice/__init__.py": {"executed_lines": [], "summary": {"covered_lines": 0, "num_statements": 70, "percent_covered": 0.0, "percent_covered_display": "0", "missing_lines": 70, "excluded_lines": 0}, "missing_lines": [21, 22, 25, 26, 27, 28, 29, 30, 31, 34, 35, 36, 37, 39, 40, 42, 54, 55, 58, 60, 62, 65, 68, 70, 71, 72, 73, 76, 78, 79, 80, 82, 84, 85, 86, 88, 89, 91, 92, 93, 99, 100, 106, 107, 108, 109, 112, 114, 122, 123, 124, 125, 126, 129, 130, 131, 132, 133, 134, 135, 138, 139, 140, 143, 144, 145, 146, 147, 148, 150], "excluded_lines": [], "functions": {"initialize_voice_module": {"executed_lines": [], "summary": {"covered_lines": 0, "num_statements": 8, "percent_covered": 0.0, "percent_covered_display": "0", "missing_lines": 8, "excluded_lines": 0}, "missing_lines": [60, 62, 65, 68, 70, 71, 72, 73], "excluded_lines": []}, "is_voice_enabled": {"executed_lines": [], "summary": {"covered_lines": 0, "num_statements": 3, "percent_covered": 0.0, "percent_covered_display": "0", "missing_lines": 3, "excluded_lines": 0}, "missing_lines": [78, 79, 80], "excluded_lines": []}, "get_available_audio_devices": {"executed_lines": [], "summary": {"covered_lines": 0, "num_statements": 14, "percent_covered": 0.0, "percent_covered_display": "0", "missing_lines": 14, "excluded_lines": 0}, "missing_lines": [84, 85, 86, 88, 89, 91, 92, 93, 99, 100, 106, 107, 108, 109], "excluded_lines": []}, "check_voice_requirements": {"executed_lines": [], "summary": {"covered_lines": 0, "num_statements": 23, "percent_covered": 0.0, "percent_covered_display": "0", "missing_lines": 23, "excluded_lines": 0}, "missing_lines": [114, 122, 123, 124, 125, 126, 129, 130, 131, 132, 133, 134, 135, 138, 139, 140, 143, 144, 145, 146, 147, 148, 150], "excluded_lines": []}, "": {"executed_lines": [], "summary": {"covered_lines": 0, "num_statements": 22, "percent_covered": 0.0, "percent_covered_display": "0", "missing_lines": 22, "excluded_lines": 0}, "missing_lines": [21, 22, 25, 26, 27, 28, 29, 30, 31, 34, 35, 36, 37, 39, 40, 42, 54, 55, 58, 76, 82, 112], "excluded_lines": []}}, "classes": {"": {"executed_lines": [], "summary": {"covered_lines": 0, "num_statements": 70, "percent_covered": 0.0, "percent_covered_display": "0", "missing_lines": 70, "excluded_lines": 0}, "missing_lines": [21, 22, 25, 26, 27, 28, 29, 30, 31, 34, 35, 36, 37, 39, 40, 42, 54, 55, 58, 60, 62, 65, 68, 70, 71, 72, 73, 76, 78, 79, 80, 82, 84, 85, 86, 88, 89, 91, 92, 93, 99, 100, 106, 107, 108, 109, 112, 114, 122, 123, 124, 125, 126, 129, 130, 131, 132, 133, 134, 135, 138, 139, 140, 143, 144, 145, 146, 147, 148, 150], "excluded_lines": []}}}, "voice/audio_processor.py": {"executed_lines": [], "summary": {"covered_lines": 0, "num_statements": 586, "percent_covered": 0.0, "percent_covered_display": "0", "missing_lines": 586, "excluded_lines": 0}, "missing_lines": [16, 17, 18, 19, 20, 21, 22, 23, 24, 25, 26, 27, 28, 30, 31, 32, 33, 34, 36, 37, 38, 39, 40, 42, 43, 44, 45, 46, 48, 49, 50, 51, 52, 55, 56, 58, 59, 60, 61, 62, 64, 66, 67, 68, 69, 72, 74, 75, 77, 78, 79, 80, 81, 84, 85, 86, 87, 89, 91, 92, 93, 94, 95, 96, 97, 99, 100, 102, 103, 104, 105, 106, 108, 110, 118, 121, 123, 124, 127, 128, 129, 132, 133, 134, 137, 138, 139, 140, 141, 144, 145, 148, 149, 150, 151, 154, 164, 167, 168, 170, 172, 174, 176, 177, 178, 181, 182, 184, 186, 187, 188, 190, 192, 193, 194, 195, 197, 198, 199, 201, 202, 204, 205, 206, 212, 213, 220, 222, 223, 224, 225, 227, 229, 230, 232, 233, 234, 236, 237, 239, 240, 241, 247, 248, 255, 257, 258, 259, 261, 270, 271, 274, 275, 277, 279, 281, 283, 284, 285, 287, 288, 289, 291, 292, 293, 294, 295, 296, 299, 300, 301, 303, 304, 306, 307, 308, 309, 311, 313, 314, 316, 317, 319, 320, 321, 323, 324, 326, 327, 329, 330, 332, 333, 336, 343, 344, 345, 346, 349, 350, 353, 354, 356, 357, 358, 359, 360, 362, 363, 364, 367, 368, 370, 372, 373, 375, 376, 377, 378, 381, 382, 383, 384, 387, 388, 389, 391, 394, 395, 396, 397, 399, 400, 401, 402, 403, 405, 406, 409, 410, 413, 422, 424, 426, 428, 429, 430, 433, 434, 436, 437, 439, 440, 441, 443, 444, 445, 446, 448, 450, 452, 453, 459, 462, 463, 464, 466, 468, 469, 470, 472, 474, 476, 477, 478, 481, 482, 485, 486, 487, 488, 489, 492, 493, 494, 495, 497, 500, 501, 507, 508, 510, 512, 514, 515, 517, 519, 521, 522, 527, 529, 530, 533, 536, 537, 539, 540, 541, 542, 543, 546, 547, 550, 551, 552, 553, 554, 555, 560, 561, 563, 565, 566, 567, 569, 571, 572, 573, 575, 576, 578, 579, 580, 583, 584, 585, 586, 587, 588, 590, 591, 592, 594, 595, 596, 598, 600, 601, 602, 603, 605, 607, 608, 610, 611, 612, 614, 615, 616, 618, 620, 621, 622, 624, 626, 627, 628, 630, 632, 633, 635, 637, 638, 639, 640, 641, 642, 643, 645, 647, 648, 650, 658, 660, 661, 662, 663, 664, 667, 668, 669, 670, 671, 672, 674, 676, 677, 678, 679, 681, 688, 689, 690, 692, 700, 701, 702, 703, 704, 706, 708, 710, 712, 714, 716, 734, 736, 748, 750, 751, 752, 753, 754, 755, 756, 757, 758, 759, 761, 763, 764, 765, 766, 767, 768, 769, 771, 773, 774, 776, 777, 778, 779, 780, 781, 783, 785, 786, 788, 790, 797, 798, 799, 800, 802, 804, 806, 807, 809, 810, 812, 813, 814, 815, 816, 817, 818, 820, 821, 823, 825, 827, 828, 829, 830, 831, 832, 833, 834, 836, 838, 839, 840, 841, 842, 844, 845, 847, 849, 850, 852, 854, 855, 856, 858, 860, 862, 863, 865, 867, 868, 871, 872, 873, 874, 877, 878, 879, 882, 883, 884, 885, 887, 889, 890, 891, 893, 895, 896, 897, 898, 900, 902, 903, 905, 906, 907, 908, 909, 910, 912, 914, 915, 917, 918, 919, 921, 926, 927, 928, 930, 932, 933, 935, 936, 938, 939, 940, 941, 942, 943, 944, 945, 947, 949, 951, 952, 954, 956, 959, 960, 963, 964, 965, 966, 969, 970, 971, 972, 973, 976, 977, 979, 980, 982, 983, 984, 985, 986, 987, 988, 989, 990, 993, 996, 998], "excluded_lines": [], "functions": {"AudioData.to_bytes": {"executed_lines": [], "summary": {"covered_lines": 0, "num_statements": 5, "percent_covered": 0.0, "percent_covered_display": "0", "missing_lines": 5, "excluded_lines": 0}, "missing_lines": [66, 67, 68, 69, 72], "excluded_lines": []}, "AudioData.from_bytes": {"executed_lines": [], "summary": {"covered_lines": 0, "num_statements": 9, "percent_covered": 0.0, "percent_covered_display": "0", "missing_lines": 9, "excluded_lines": 0}, "missing_lines": [77, 78, 79, 80, 81, 84, 85, 86, 87], "excluded_lines": []}, "AudioQualityMetrics.to_dict": {"executed_lines": [], "summary": {"covered_lines": 0, "num_statements": 1, "percent_covered": 0.0, "percent_covered_display": "0", "missing_lines": 1, "excluded_lines": 0}, "missing_lines": [110], "excluded_lines": []}, "SimplifiedAudioProcessor.__init__": {"executed_lines": [], "summary": {"covered_lines": 0, "num_statements": 24, "percent_covered": 0.0, "percent_covered_display": "0", "missing_lines": 24, "excluded_lines": 0}, "missing_lines": [123, 124, 127, 128, 129, 132, 133, 134, 137, 138, 139, 140, 141, 144, 145, 148, 149, 150, 151, 154, 164, 167, 168, 170], "excluded_lines": []}, "SimplifiedAudioProcessor._initialize_features": {"executed_lines": [], "summary": {"covered_lines": 0, "num_statements": 10, "percent_covered": 0.0, "percent_covered_display": "0", "missing_lines": 10, "excluded_lines": 0}, "missing_lines": [174, 176, 177, 178, 181, 182, 184, 186, 187, 188], "excluded_lines": []}, "SimplifiedAudioProcessor._get_audio_devices": {"executed_lines": [], "summary": {"covered_lines": 0, "num_statements": 19, "percent_covered": 0.0, "percent_covered_display": "0", "missing_lines": 19, "excluded_lines": 0}, "missing_lines": [192, 193, 194, 195, 197, 198, 199, 201, 202, 204, 205, 206, 212, 213, 220, 222, 223, 224, 225], "excluded_lines": []}, "SimplifiedAudioProcessor.detect_audio_devices": {"executed_lines": [], "summary": {"covered_lines": 0, "num_statements": 16, "percent_covered": 0.0, "percent_covered_display": "0", "missing_lines": 16, "excluded_lines": 0}, "missing_lines": [229, 230, 232, 233, 234, 236, 237, 239, 240, 241, 247, 248, 255, 257, 258, 259], "excluded_lines": []}, "SimplifiedAudioProcessor.audio_callback": {"executed_lines": [], "summary": {"covered_lines": 0, "num_statements": 4, "percent_covered": 0.0, "percent_covered_display": "0", "missing_lines": 4, "excluded_lines": 0}, "missing_lines": [270, 271, 274, 275], "excluded_lines": []}, "SimplifiedAudioProcessor.get_available_features": {"executed_lines": [], "summary": {"covered_lines": 0, "num_statements": 1, "percent_covered": 0.0, "percent_covered_display": "0", "missing_lines": 1, "excluded_lines": 0}, "missing_lines": [279], "excluded_lines": []}, "SimplifiedAudioProcessor.start_recording": {"executed_lines": [], "summary": {"covered_lines": 0, "num_statements": 21, "percent_covered": 0.0, "percent_covered_display": "0", "missing_lines": 21, "excluded_lines": 0}, "missing_lines": [283, 284, 285, 287, 288, 289, 291, 292, 293, 294, 295, 296, 299, 300, 301, 303, 304, 306, 307, 308, 309], "excluded_lines": []}, "SimplifiedAudioProcessor._record_audio": {"executed_lines": [], "summary": {"covered_lines": 0, "num_statements": 24, "percent_covered": 0.0, "percent_covered_display": "0", "missing_lines": 24, "excluded_lines": 0}, "missing_lines": [313, 314, 316, 317, 319, 336, 343, 344, 345, 346, 349, 350, 353, 354, 356, 357, 358, 359, 360, 362, 363, 364, 367, 368], "excluded_lines": []}, "SimplifiedAudioProcessor._record_audio.audio_callback": {"executed_lines": [], "summary": {"covered_lines": 0, "num_statements": 10, "percent_covered": 0.0, "percent_covered_display": "0", "missing_lines": 10, "excluded_lines": 0}, "missing_lines": [320, 321, 323, 324, 326, 327, 329, 330, 332, 333], "excluded_lines": []}, "SimplifiedAudioProcessor.stop_recording": {"executed_lines": [], "summary": {"covered_lines": 0, "num_statements": 45, "percent_covered": 0.0, "percent_covered_display": "0", "missing_lines": 45, "excluded_lines": 0}, "missing_lines": [372, 373, 375, 376, 377, 378, 381, 382, 383, 384, 387, 388, 389, 391, 394, 395, 396, 397, 399, 400, 401, 402, 403, 405, 406, 409, 410, 413, 422, 424, 426, 428, 429, 430, 433, 434, 436, 437, 439, 440, 441, 443, 444, 445, 446], "excluded_lines": []}, "SimplifiedAudioProcessor._process_audio": {"executed_lines": [], "summary": {"covered_lines": 0, "num_statements": 11, "percent_covered": 0.0, "percent_covered_display": "0", "missing_lines": 11, "excluded_lines": 0}, "missing_lines": [450, 452, 453, 459, 462, 463, 464, 466, 468, 469, 470], "excluded_lines": []}, "SimplifiedAudioProcessor._analyze_audio_quality": {"executed_lines": [], "summary": {"covered_lines": 0, "num_statements": 21, "percent_covered": 0.0, "percent_covered_display": "0", "missing_lines": 21, "excluded_lines": 0}, "missing_lines": [474, 476, 477, 478, 481, 482, 485, 486, 487, 488, 489, 492, 493, 494, 495, 497, 500, 501, 507, 508, 510], "excluded_lines": []}, "SimplifiedAudioProcessor.detect_voice_activity": {"executed_lines": [], "summary": {"covered_lines": 0, "num_statements": 21, "percent_covered": 0.0, "percent_covered_display": "0", "missing_lines": 21, "excluded_lines": 0}, "missing_lines": [860, 862, 863, 865, 867, 868, 871, 872, 873, 874, 877, 878, 879, 882, 883, 884, 885, 887, 889, 890, 891], "excluded_lines": []}, "SimplifiedAudioProcessor.play_audio": {"executed_lines": [], "summary": {"covered_lines": 0, "num_statements": 17, "percent_covered": 0.0, "percent_covered_display": "0", "missing_lines": 17, "excluded_lines": 0}, "missing_lines": [571, 572, 573, 575, 576, 578, 579, 580, 583, 594, 595, 596, 598, 600, 601, 602, 603], "excluded_lines": []}, "SimplifiedAudioProcessor.play_audio.play_thread": {"executed_lines": [], "summary": {"covered_lines": 0, "num_statements": 8, "percent_covered": 0.0, "percent_covered_display": "0", "missing_lines": 8, "excluded_lines": 0}, "missing_lines": [584, 585, 586, 587, 588, 590, 591, 592], "excluded_lines": []}, "SimplifiedAudioProcessor.stop_playback": {"executed_lines": [], "summary": {"covered_lines": 0, "num_statements": 12, "percent_covered": 0.0, "percent_covered_display": "0", "missing_lines": 12, "excluded_lines": 0}, "missing_lines": [607, 608, 610, 611, 612, 614, 615, 616, 618, 620, 621, 622], "excluded_lines": []}, "SimplifiedAudioProcessor.get_recording_duration": {"executed_lines": [], "summary": {"covered_lines": 0, "num_statements": 3, "percent_covered": 0.0, "percent_covered_display": "0", "missing_lines": 3, "excluded_lines": 0}, "missing_lines": [626, 627, 628], "excluded_lines": []}, "SimplifiedAudioProcessor.get_audio_level": {"executed_lines": [], "summary": {"covered_lines": 0, "num_statements": 10, "percent_covered": 0.0, "percent_covered_display": "0", "missing_lines": 10, "excluded_lines": 0}, "missing_lines": [632, 633, 635, 637, 638, 639, 640, 641, 642, 643], "excluded_lines": []}, "SimplifiedAudioProcessor.create_silent_audio": {"executed_lines": [], "summary": {"covered_lines": 0, "num_statements": 3, "percent_covered": 0.0, "percent_covered_display": "0", "missing_lines": 3, "excluded_lines": 0}, "missing_lines": [647, 648, 650], "excluded_lines": []}, "SimplifiedAudioProcessor.save_audio": {"executed_lines": [], "summary": {"covered_lines": 0, "num_statements": 11, "percent_covered": 0.0, "percent_covered_display": "0", "missing_lines": 11, "excluded_lines": 0}, "missing_lines": [660, 661, 662, 663, 664, 667, 668, 669, 670, 671, 672], "excluded_lines": []}, "SimplifiedAudioProcessor.load_audio": {"executed_lines": [], "summary": {"covered_lines": 0, "num_statements": 14, "percent_covered": 0.0, "percent_covered_display": "0", "missing_lines": 14, "excluded_lines": 0}, "missing_lines": [676, 677, 678, 679, 681, 688, 689, 690, 692, 700, 701, 702, 703, 704], "excluded_lines": []}, "SimplifiedAudioProcessor.get_state": {"executed_lines": [], "summary": {"covered_lines": 0, "num_statements": 1, "percent_covered": 0.0, "percent_covered_display": "0", "missing_lines": 1, "excluded_lines": 0}, "missing_lines": [708], "excluded_lines": []}, "SimplifiedAudioProcessor.is_available": {"executed_lines": [], "summary": {"covered_lines": 0, "num_statements": 1, "percent_covered": 0.0, "percent_covered_display": "0", "missing_lines": 1, "excluded_lines": 0}, "missing_lines": [712], "excluded_lines": []}, "SimplifiedAudioProcessor.get_status": {"executed_lines": [], "summary": {"covered_lines": 0, "num_statements": 1, "percent_covered": 0.0, "percent_covered_display": "0", "missing_lines": 1, "excluded_lines": 0}, "missing_lines": [716], "excluded_lines": []}, "SimplifiedAudioProcessor.get_memory_usage": {"executed_lines": [], "summary": {"covered_lines": 0, "num_statements": 1, "percent_covered": 0.0, "percent_covered_display": "0", "missing_lines": 1, "excluded_lines": 0}, "missing_lines": [736], "excluded_lines": []}, "SimplifiedAudioProcessor.force_cleanup_buffers": {"executed_lines": [], "summary": {"covered_lines": 0, "num_statements": 10, "percent_covered": 0.0, "percent_covered_display": "0", "missing_lines": 10, "excluded_lines": 0}, "missing_lines": [750, 751, 752, 753, 754, 755, 756, 757, 758, 759], "excluded_lines": []}, "SimplifiedAudioProcessor.get_audio_chunk": {"executed_lines": [], "summary": {"covered_lines": 0, "num_statements": 7, "percent_covered": 0.0, "percent_covered_display": "0", "missing_lines": 7, "excluded_lines": 0}, "missing_lines": [763, 764, 765, 766, 767, 768, 769], "excluded_lines": []}, "SimplifiedAudioProcessor.reduce_background_noise": {"executed_lines": [], "summary": {"covered_lines": 0, "num_statements": 8, "percent_covered": 0.0, "percent_covered_display": "0", "missing_lines": 8, "excluded_lines": 0}, "missing_lines": [773, 774, 776, 777, 778, 779, 780, 781], "excluded_lines": []}, "SimplifiedAudioProcessor.convert_audio_format": {"executed_lines": [], "summary": {"covered_lines": 0, "num_statements": 8, "percent_covered": 0.0, "percent_covered_display": "0", "missing_lines": 8, "excluded_lines": 0}, "missing_lines": [785, 786, 788, 790, 797, 798, 799, 800], "excluded_lines": []}, "SimplifiedAudioProcessor.calculate_audio_quality_metrics": {"executed_lines": [], "summary": {"covered_lines": 0, "num_statements": 15, "percent_covered": 0.0, "percent_covered_display": "0", "missing_lines": 15, "excluded_lines": 0}, "missing_lines": [804, 806, 807, 809, 810, 812, 813, 814, 815, 816, 817, 818, 820, 821, 823], "excluded_lines": []}, "SimplifiedAudioProcessor.normalize_audio_level": {"executed_lines": [], "summary": {"covered_lines": 0, "num_statements": 8, "percent_covered": 0.0, "percent_covered_display": "0", "missing_lines": 8, "excluded_lines": 0}, "missing_lines": [827, 828, 829, 830, 831, 832, 833, 834], "excluded_lines": []}, "SimplifiedAudioProcessor.add_to_buffer": {"executed_lines": [], "summary": {"covered_lines": 0, "num_statements": 7, "percent_covered": 0.0, "percent_covered_display": "0", "missing_lines": 7, "excluded_lines": 0}, "missing_lines": [838, 839, 840, 841, 842, 844, 845], "excluded_lines": []}, "SimplifiedAudioProcessor.get_buffer_contents": {"executed_lines": [], "summary": {"covered_lines": 0, "num_statements": 2, "percent_covered": 0.0, "percent_covered_display": "0", "missing_lines": 2, "excluded_lines": 0}, "missing_lines": [849, 850], "excluded_lines": []}, "SimplifiedAudioProcessor.clear_buffer": {"executed_lines": [], "summary": {"covered_lines": 0, "num_statements": 3, "percent_covered": 0.0, "percent_covered_display": "0", "missing_lines": 3, "excluded_lines": 0}, "missing_lines": [854, 855, 856], "excluded_lines": []}, "SimplifiedAudioProcessor.select_input_device": {"executed_lines": [], "summary": {"covered_lines": 0, "num_statements": 4, "percent_covered": 0.0, "percent_covered_display": "0", "missing_lines": 4, "excluded_lines": 0}, "missing_lines": [895, 896, 897, 898], "excluded_lines": []}, "SimplifiedAudioProcessor.save_audio_to_file": {"executed_lines": [], "summary": {"covered_lines": 0, "num_statements": 8, "percent_covered": 0.0, "percent_covered_display": "0", "missing_lines": 8, "excluded_lines": 0}, "missing_lines": [902, 903, 905, 906, 907, 908, 909, 910], "excluded_lines": []}, "SimplifiedAudioProcessor.load_audio_from_file": {"executed_lines": [], "summary": {"covered_lines": 0, "num_statements": 9, "percent_covered": 0.0, "percent_covered_display": "0", "missing_lines": 9, "excluded_lines": 0}, "missing_lines": [914, 915, 917, 918, 919, 921, 926, 927, 928], "excluded_lines": []}, "SimplifiedAudioProcessor.create_audio_stream": {"executed_lines": [], "summary": {"covered_lines": 0, "num_statements": 12, "percent_covered": 0.0, "percent_covered_display": "0", "missing_lines": 12, "excluded_lines": 0}, "missing_lines": [932, 933, 935, 936, 938, 939, 940, 941, 942, 943, 944, 945], "excluded_lines": []}, "SimplifiedAudioProcessor.cleanup": {"executed_lines": [], "summary": {"covered_lines": 0, "num_statements": 29, "percent_covered": 0.0, "percent_covered_display": "0", "missing_lines": 29, "excluded_lines": 0}, "missing_lines": [949, 951, 952, 954, 956, 959, 960, 963, 964, 965, 966, 969, 970, 971, 972, 973, 976, 977, 979, 980, 982, 983, 984, 985, 986, 987, 988, 989, 990], "excluded_lines": []}, "create_audio_processor": {"executed_lines": [], "summary": {"covered_lines": 0, "num_statements": 1, "percent_covered": 0.0, "percent_covered_display": "0", "missing_lines": 1, "excluded_lines": 0}, "missing_lines": [998], "excluded_lines": []}, "": {"executed_lines": [], "summary": {"covered_lines": 0, "num_statements": 100, "percent_covered": 0.0, "percent_covered_display": "0", "missing_lines": 100, "excluded_lines": 0}, "missing_lines": [16, 17, 18, 19, 20, 21, 22, 23, 24, 25, 26, 27, 28, 30, 31, 32, 33, 34, 36, 37, 38, 39, 40, 42, 43, 44, 45, 46, 48, 49, 50, 51, 52, 55, 56, 58, 59, 60, 61, 62, 64, 74, 75, 89, 91, 92, 93, 94, 95, 96, 97, 99, 100, 102, 103, 104, 105, 106, 108, 118, 121, 172, 190, 227, 261, 277, 281, 311, 370, 448, 472, 512, 569, 605, 624, 630, 645, 658, 674, 706, 710, 714, 734, 748, 761, 771, 783, 802, 825, 836, 847, 852, 858, 893, 900, 912, 930, 947, 993, 996], "excluded_lines": []}}, "classes": {"AudioData": {"executed_lines": [], "summary": {"covered_lines": 0, "num_statements": 14, "percent_covered": 0.0, "percent_covered_display": "0", "missing_lines": 14, "excluded_lines": 0}, "missing_lines": [66, 67, 68, 69, 72, 77, 78, 79, 80, 81, 84, 85, 86, 87], "excluded_lines": []}, "AudioProcessorState": {"executed_lines": [], "summary": {"covered_lines": 0, "num_statements": 0, "percent_covered": 100.0, "percent_covered_display": "100", "missing_lines": 0, "excluded_lines": 0}, "missing_lines": [], "excluded_lines": []}, "AudioQualityMetrics": {"executed_lines": [], "summary": {"covered_lines": 0, "num_statements": 1, "percent_covered": 0.0, "percent_covered_display": "0", "missing_lines": 1, "excluded_lines": 0}, "missing_lines": [110], "excluded_lines": []}, "SimplifiedAudioProcessor": {"executed_lines": [], "summary": {"covered_lines": 0, "num_statements": 470, "percent_covered": 0.0, "percent_covered_display": "0", "missing_lines": 470, "excluded_lines": 0}, "missing_lines": [123, 124, 127, 128, 129, 132, 133, 134, 137, 138, 139, 140, 141, 144, 145, 148, 149, 150, 151, 154, 164, 167, 168, 170, 174, 176, 177, 178, 181, 182, 184, 186, 187, 188, 192, 193, 194, 195, 197, 198, 199, 201, 202, 204, 205, 206, 212, 213, 220, 222, 223, 224, 225, 229, 230, 232, 233, 234, 236, 237, 239, 240, 241, 247, 248, 255, 257, 258, 259, 270, 271, 274, 275, 279, 283, 284, 285, 287, 288, 289, 291, 292, 293, 294, 295, 296, 299, 300, 301, 303, 304, 306, 307, 308, 309, 313, 314, 316, 317, 319, 320, 321, 323, 324, 326, 327, 329, 330, 332, 333, 336, 343, 344, 345, 346, 349, 350, 353, 354, 356, 357, 358, 359, 360, 362, 363, 364, 367, 368, 372, 373, 375, 376, 377, 378, 381, 382, 383, 384, 387, 388, 389, 391, 394, 395, 396, 397, 399, 400, 401, 402, 403, 405, 406, 409, 410, 413, 422, 424, 426, 428, 429, 430, 433, 434, 436, 437, 439, 440, 441, 443, 444, 445, 446, 450, 452, 453, 459, 462, 463, 464, 466, 468, 469, 470, 474, 476, 477, 478, 481, 482, 485, 486, 487, 488, 489, 492, 493, 494, 495, 497, 500, 501, 507, 508, 510, 514, 515, 517, 519, 521, 522, 527, 529, 530, 533, 536, 537, 539, 540, 541, 542, 543, 546, 547, 550, 551, 552, 553, 554, 555, 560, 561, 563, 565, 566, 567, 571, 572, 573, 575, 576, 578, 579, 580, 583, 584, 585, 586, 587, 588, 590, 591, 592, 594, 595, 596, 598, 600, 601, 602, 603, 607, 608, 610, 611, 612, 614, 615, 616, 618, 620, 621, 622, 626, 627, 628, 632, 633, 635, 637, 638, 639, 640, 641, 642, 643, 647, 648, 650, 660, 661, 662, 663, 664, 667, 668, 669, 670, 671, 672, 676, 677, 678, 679, 681, 688, 689, 690, 692, 700, 701, 702, 703, 704, 708, 712, 716, 736, 750, 751, 752, 753, 754, 755, 756, 757, 758, 759, 763, 764, 765, 766, 767, 768, 769, 773, 774, 776, 777, 778, 779, 780, 781, 785, 786, 788, 790, 797, 798, 799, 800, 804, 806, 807, 809, 810, 812, 813, 814, 815, 816, 817, 818, 820, 821, 823, 827, 828, 829, 830, 831, 832, 833, 834, 838, 839, 840, 841, 842, 844, 845, 849, 850, 854, 855, 856, 860, 862, 863, 865, 867, 868, 871, 872, 873, 874, 877, 878, 879, 882, 883, 884, 885, 887, 889, 890, 891, 895, 896, 897, 898, 902, 903, 905, 906, 907, 908, 909, 910, 914, 915, 917, 918, 919, 921, 926, 927, 928, 932, 933, 935, 936, 938, 939, 940, 941, 942, 943, 944, 945, 949, 951, 952, 954, 956, 959, 960, 963, 964, 965, 966, 969, 970, 971, 972, 973, 976, 977, 979, 980, 982, 983, 984, 985, 986, 987, 988, 989, 990], "excluded_lines": []}, "": {"executed_lines": [], "summary": {"covered_lines": 0, "num_statements": 101, "percent_covered": 0.0, "percent_covered_display": "0", "missing_lines": 101, "excluded_lines": 0}, "missing_lines": [16, 17, 18, 19, 20, 21, 22, 23, 24, 25, 26, 27, 28, 30, 31, 32, 33, 34, 36, 37, 38, 39, 40, 42, 43, 44, 45, 46, 48, 49, 50, 51, 52, 55, 56, 58, 59, 60, 61, 62, 64, 74, 75, 89, 91, 92, 93, 94, 95, 96, 97, 99, 100, 102, 103, 104, 105, 106, 108, 118, 121, 172, 190, 227, 261, 277, 281, 311, 370, 448, 472, 512, 569, 605, 624, 630, 645, 658, 674, 706, 710, 714, 734, 748, 761, 771, 783, 802, 825, 836, 847, 852, 858, 893, 900, 912, 930, 947, 993, 996, 998], "excluded_lines": []}}}, "voice/commands.py": {"executed_lines": [], "summary": {"covered_lines": 0, "num_statements": 540, "percent_covered": 0.0, "percent_covered_display": "0", "missing_lines": 540, "excluded_lines": 0}, "missing_lines": [15, 16, 17, 18, 19, 20, 21, 22, 23, 24, 25, 26, 28, 29, 30, 33, 34, 35, 37, 38, 43, 44, 45, 47, 48, 59, 61, 62, 63, 64, 65, 66, 67, 68, 69, 70, 72, 74, 75, 76, 77, 79, 80, 82, 83, 84, 85, 86, 87, 88, 89, 90, 91, 92, 93, 94, 95, 96, 97, 98, 99, 101, 102, 104, 105, 106, 107, 108, 109, 110, 111, 112, 113, 114, 115, 116, 118, 121, 123, 124, 127, 128, 129, 132, 142, 153, 154, 157, 158, 159, 160, 161, 164, 167, 168, 169, 172, 181, 182, 190, 191, 192, 194, 196, 198, 205, 207, 541, 542, 544, 546, 578, 580, 581, 582, 583, 584, 585, 587, 589, 590, 591, 592, 593, 594, 596, 598, 599, 600, 601, 602, 604, 606, 607, 608, 609, 617, 619, 621, 622, 624, 626, 627, 628, 629, 630, 644, 645, 646, 647, 652, 654, 655, 656, 658, 660, 661, 663, 665, 666, 667, 669, 672, 673, 674, 675, 676, 694, 695, 696, 699, 701, 702, 703, 705, 709, 711, 713, 715, 717, 718, 719, 720, 721, 724, 725, 728, 737, 738, 739, 742, 743, 744, 745, 748, 749, 750, 752, 753, 754, 757, 762, 763, 765, 767, 769, 783, 785, 786, 792, 793, 795, 801, 803, 806, 807, 810, 813, 814, 817, 818, 823, 825, 827, 829, 830, 831, 834, 837, 841, 843, 845, 846, 847, 849, 851, 853, 855, 856, 859, 860, 863, 865, 866, 867, 869, 871, 872, 873, 874, 876, 878, 880, 881, 883, 885, 887, 888, 889, 891, 892, 893, 896, 908, 910, 913, 914, 917, 918, 921, 922, 925, 926, 927, 929, 943, 944, 947, 948, 949, 950, 952, 965, 966, 967, 970, 971, 972, 973, 976, 977, 979, 994, 996, 1002, 1004, 1010, 1012, 1018, 1020, 1026, 1028, 1034, 1036, 1037, 1044, 1046, 1047, 1054, 1056, 1057, 1059, 1066, 1068, 1069, 1076, 1078, 1085, 1087, 1093, 1095, 1101, 1103, 1109, 1111, 1112, 1113, 1115, 1122, 1124, 1126, 1133, 1135, 1141, 1143, 1150, 1153, 1156, 1157, 1158, 1165, 1167, 1175, 1177, 1179, 1181, 1195, 1197, 1199, 1201, 1211, 1213, 1215, 1217, 1229, 1231, 1233, 1235, 1245, 1247, 1248, 1258, 1260, 1262, 1264, 1275, 1277, 1279, 1280, 1281, 1283, 1284, 1285, 1286, 1287, 1288, 1290, 1292, 1293, 1295, 1297, 1299, 1300, 1301, 1302, 1304, 1306, 1308, 1309, 1320, 1323, 1326, 1328, 1329, 1332, 1335, 1337, 1338, 1339, 1342, 1345, 1349, 1352, 1355, 1360, 1363, 1373, 1375, 1376, 1377, 1379, 1382, 1384, 1386, 1387, 1390, 1391, 1394, 1395, 1397, 1398, 1400, 1402, 1403, 1405, 1407, 1408, 1410, 1412, 1413, 1414, 1416, 1417, 1419, 1421, 1423, 1424, 1427, 1428, 1429, 1430, 1433, 1434, 1435, 1436, 1438, 1440, 1442, 1444, 1445, 1448, 1459, 1460, 1461, 1462, 1464, 1466, 1468, 1469, 1472, 1475, 1476, 1477, 1478, 1480, 1482, 1484, 1486, 1487, 1490, 1491, 1492, 1493, 1495, 1498, 1499, 1500, 1501, 1503, 1505, 1508, 1510, 1512, 1514, 1515, 1516, 1518, 1519, 1522, 1523, 1524, 1527, 1530, 1531, 1532, 1533, 1536, 1537, 1538, 1539, 1541, 1543, 1544, 1545, 1548, 1550, 1551, 1552, 1553, 1556, 1557, 1560, 1563, 1564, 1567, 1569, 1570, 1572, 1574, 1576, 1578, 1579, 1595, 1597, 1598, 1599, 1601, 1603, 1604, 1605, 1606, 1607, 1608, 1609, 1610, 1611, 1612, 1613, 1615, 1617], "excluded_lines": [], "functions": {"VoiceCommandProcessor.__init__": {"executed_lines": [], "summary": {"covered_lines": 0, "num_statements": 25, "percent_covered": 0.0, "percent_covered_display": "0", "missing_lines": 25, "excluded_lines": 0}, "missing_lines": [123, 124, 127, 128, 129, 132, 142, 153, 154, 157, 158, 159, 160, 161, 164, 167, 168, 169, 172, 181, 182, 190, 191, 192, 194], "excluded_lines": []}, "VoiceCommandProcessor._register_emergency_handlers": {"executed_lines": [], "summary": {"covered_lines": 0, "num_statements": 1, "percent_covered": 0.0, "percent_covered_display": "0", "missing_lines": 1, "excluded_lines": 0}, "missing_lines": [198], "excluded_lines": []}, "VoiceCommandProcessor._initialize_default_commands": {"executed_lines": [], "summary": {"covered_lines": 0, "num_statements": 3, "percent_covered": 0.0, "percent_covered_display": "0", "missing_lines": 3, "excluded_lines": 0}, "missing_lines": [207, 541, 542], "excluded_lines": []}, "VoiceCommandProcessor._register_command_handlers": {"executed_lines": [], "summary": {"covered_lines": 0, "num_statements": 1, "percent_covered": 0.0, "percent_covered_display": "0", "missing_lines": 1, "excluded_lines": 0}, "missing_lines": [546], "excluded_lines": []}, "VoiceCommandProcessor.register_command": {"executed_lines": [], "summary": {"covered_lines": 0, "num_statements": 6, "percent_covered": 0.0, "percent_covered_display": "0", "missing_lines": 6, "excluded_lines": 0}, "missing_lines": [580, 581, 582, 583, 584, 585], "excluded_lines": []}, "VoiceCommandProcessor.unregister_command": {"executed_lines": [], "summary": {"covered_lines": 0, "num_statements": 6, "percent_covered": 0.0, "percent_covered_display": "0", "missing_lines": 6, "excluded_lines": 0}, "missing_lines": [589, 590, 591, 592, 593, 594], "excluded_lines": []}, "VoiceCommandProcessor.register_command_handler": {"executed_lines": [], "summary": {"covered_lines": 0, "num_statements": 5, "percent_covered": 0.0, "percent_covered_display": "0", "missing_lines": 5, "excluded_lines": 0}, "missing_lines": [598, 599, 600, 601, 602], "excluded_lines": []}, "VoiceCommandProcessor.get_available_commands": {"executed_lines": [], "summary": {"covered_lines": 0, "num_statements": 5, "percent_covered": 0.0, "percent_covered_display": "0", "missing_lines": 5, "excluded_lines": 0}, "missing_lines": [606, 607, 608, 609, 617], "excluded_lines": []}, "VoiceCommandProcessor.process_audio": {"executed_lines": [], "summary": {"covered_lines": 0, "num_statements": 16, "percent_covered": 0.0, "percent_covered_display": "0", "missing_lines": 16, "excluded_lines": 0}, "missing_lines": [621, 622, 624, 626, 627, 628, 629, 630, 644, 645, 646, 647, 652, 654, 655, 656], "excluded_lines": []}, "VoiceCommandProcessor.process_text": {"executed_lines": [], "summary": {"covered_lines": 0, "num_statements": 19, "percent_covered": 0.0, "percent_covered_display": "0", "missing_lines": 19, "excluded_lines": 0}, "missing_lines": [660, 661, 663, 665, 666, 667, 669, 672, 673, 674, 675, 676, 694, 695, 696, 699, 701, 702, 703], "excluded_lines": []}, "VoiceCommandProcessor._detect_wake_word": {"executed_lines": [], "summary": {"covered_lines": 0, "num_statements": 1, "percent_covered": 0.0, "percent_covered_display": "0", "missing_lines": 1, "excluded_lines": 0}, "missing_lines": [709], "excluded_lines": []}, "VoiceCommandProcessor._check_wake_word_in_text": {"executed_lines": [], "summary": {"covered_lines": 0, "num_statements": 1, "percent_covered": 0.0, "percent_covered_display": "0", "missing_lines": 1, "excluded_lines": 0}, "missing_lines": [713], "excluded_lines": []}, "VoiceCommandProcessor._match_command": {"executed_lines": [], "summary": {"covered_lines": 0, "num_statements": 43, "percent_covered": 0.0, "percent_covered_display": "0", "missing_lines": 43, "excluded_lines": 0}, "missing_lines": [717, 718, 719, 720, 721, 724, 725, 728, 737, 738, 739, 742, 743, 744, 745, 748, 749, 750, 752, 753, 754, 757, 762, 763, 765, 767, 769, 783, 785, 786, 792, 793, 795, 801, 803, 806, 807, 810, 813, 814, 817, 818, 823], "excluded_lines": []}, "VoiceCommandProcessor._calculate_confidence": {"executed_lines": [], "summary": {"covered_lines": 0, "num_statements": 11, "percent_covered": 0.0, "percent_covered_display": "0", "missing_lines": 11, "excluded_lines": 0}, "missing_lines": [827, 829, 830, 831, 834, 837, 841, 843, 845, 846, 847], "excluded_lines": []}, "VoiceCommandProcessor._extract_parameters": {"executed_lines": [], "summary": {"covered_lines": 0, "num_statements": 20, "percent_covered": 0.0, "percent_covered_display": "0", "missing_lines": 20, "excluded_lines": 0}, "missing_lines": [851, 853, 855, 856, 859, 860, 863, 865, 866, 867, 869, 871, 872, 873, 874, 876, 878, 880, 881, 883], "excluded_lines": []}, "VoiceCommandProcessor.execute_command": {"executed_lines": [], "summary": {"covered_lines": 0, "num_statements": 36, "percent_covered": 0.0, "percent_covered_display": "0", "missing_lines": 36, "excluded_lines": 0}, "missing_lines": [887, 888, 889, 891, 892, 893, 896, 908, 910, 913, 914, 917, 918, 921, 922, 925, 926, 927, 929, 943, 944, 947, 948, 949, 950, 952, 965, 966, 967, 970, 971, 972, 973, 976, 977, 979], "excluded_lines": []}, "VoiceCommandProcessor._handle_start_session": {"executed_lines": [], "summary": {"covered_lines": 0, "num_statements": 1, "percent_covered": 0.0, "percent_covered_display": "0", "missing_lines": 1, "excluded_lines": 0}, "missing_lines": [996], "excluded_lines": []}, "VoiceCommandProcessor._handle_end_session": {"executed_lines": [], "summary": {"covered_lines": 0, "num_statements": 1, "percent_covered": 0.0, "percent_covered_display": "0", "missing_lines": 1, "excluded_lines": 0}, "missing_lines": [1004], "excluded_lines": []}, "VoiceCommandProcessor._handle_pause_conversation": {"executed_lines": [], "summary": {"covered_lines": 0, "num_statements": 1, "percent_covered": 0.0, "percent_covered_display": "0", "missing_lines": 1, "excluded_lines": 0}, "missing_lines": [1012], "excluded_lines": []}, "VoiceCommandProcessor._handle_resume_conversation": {"executed_lines": [], "summary": {"covered_lines": 0, "num_statements": 1, "percent_covered": 0.0, "percent_covered_display": "0", "missing_lines": 1, "excluded_lines": 0}, "missing_lines": [1020], "excluded_lines": []}, "VoiceCommandProcessor._handle_repeat_last_response": {"executed_lines": [], "summary": {"covered_lines": 0, "num_statements": 1, "percent_covered": 0.0, "percent_covered_display": "0", "missing_lines": 1, "excluded_lines": 0}, "missing_lines": [1028], "excluded_lines": []}, "VoiceCommandProcessor._handle_adjust_speech_speed": {"executed_lines": [], "summary": {"covered_lines": 0, "num_statements": 2, "percent_covered": 0.0, "percent_covered_display": "0", "missing_lines": 2, "excluded_lines": 0}, "missing_lines": [1036, 1037], "excluded_lines": []}, "VoiceCommandProcessor._handle_change_voice_profile": {"executed_lines": [], "summary": {"covered_lines": 0, "num_statements": 2, "percent_covered": 0.0, "percent_covered_display": "0", "missing_lines": 2, "excluded_lines": 0}, "missing_lines": [1046, 1047], "excluded_lines": []}, "VoiceCommandProcessor._handle_show_help": {"executed_lines": [], "summary": {"covered_lines": 0, "num_statements": 3, "percent_covered": 0.0, "percent_covered_display": "0", "missing_lines": 3, "excluded_lines": 0}, "missing_lines": [1056, 1057, 1059], "excluded_lines": []}, "VoiceCommandProcessor._handle_adjust_volume": {"executed_lines": [], "summary": {"covered_lines": 0, "num_statements": 2, "percent_covered": 0.0, "percent_covered_display": "0", "missing_lines": 2, "excluded_lines": 0}, "missing_lines": [1068, 1069], "excluded_lines": []}, "VoiceCommandProcessor._handle_check_status": {"executed_lines": [], "summary": {"covered_lines": 0, "num_statements": 1, "percent_covered": 0.0, "percent_covered_display": "0", "missing_lines": 1, "excluded_lines": 0}, "missing_lines": [1078], "excluded_lines": []}, "VoiceCommandProcessor._handle_navigate_home": {"executed_lines": [], "summary": {"covered_lines": 0, "num_statements": 1, "percent_covered": 0.0, "percent_covered_display": "0", "missing_lines": 1, "excluded_lines": 0}, "missing_lines": [1087], "excluded_lines": []}, "VoiceCommandProcessor._handle_open_settings": {"executed_lines": [], "summary": {"covered_lines": 0, "num_statements": 1, "percent_covered": 0.0, "percent_covered_display": "0", "missing_lines": 1, "excluded_lines": 0}, "missing_lines": [1095], "excluded_lines": []}, "VoiceCommandProcessor._handle_clear_conversation": {"executed_lines": [], "summary": {"covered_lines": 0, "num_statements": 1, "percent_covered": 0.0, "percent_covered_display": "0", "missing_lines": 1, "excluded_lines": 0}, "missing_lines": [1103], "excluded_lines": []}, "VoiceCommandProcessor._handle_provide_crisis_resources": {"executed_lines": [], "summary": {"covered_lines": 0, "num_statements": 4, "percent_covered": 0.0, "percent_covered_display": "0", "missing_lines": 4, "excluded_lines": 0}, "missing_lines": [1111, 1112, 1113, 1115], "excluded_lines": []}, "VoiceCommandProcessor._handle_start_meditation": {"executed_lines": [], "summary": {"covered_lines": 0, "num_statements": 2, "percent_covered": 0.0, "percent_covered_display": "0", "missing_lines": 2, "excluded_lines": 0}, "missing_lines": [1124, 1126], "excluded_lines": []}, "VoiceCommandProcessor._handle_open_journal": {"executed_lines": [], "summary": {"covered_lines": 0, "num_statements": 1, "percent_covered": 0.0, "percent_covered_display": "0", "missing_lines": 1, "excluded_lines": 0}, "missing_lines": [1135], "excluded_lines": []}, "VoiceCommandProcessor._handle_show_resources": {"executed_lines": [], "summary": {"covered_lines": 0, "num_statements": 1, "percent_covered": 0.0, "percent_covered_display": "0", "missing_lines": 1, "excluded_lines": 0}, "missing_lines": [1143], "excluded_lines": []}, "VoiceCommandProcessor._handle_emergency_response": {"executed_lines": [], "summary": {"covered_lines": 0, "num_statements": 6, "percent_covered": 0.0, "percent_covered_display": "0", "missing_lines": 6, "excluded_lines": 0}, "missing_lines": [1153, 1156, 1157, 1158, 1165, 1167], "excluded_lines": []}, "VoiceCommandProcessor._handle_suicide_prevention": {"executed_lines": [], "summary": {"covered_lines": 0, "num_statements": 3, "percent_covered": 0.0, "percent_covered_display": "0", "missing_lines": 3, "excluded_lines": 0}, "missing_lines": [1177, 1179, 1181], "excluded_lines": []}, "VoiceCommandProcessor._handle_crisis_intervention": {"executed_lines": [], "summary": {"covered_lines": 0, "num_statements": 3, "percent_covered": 0.0, "percent_covered_display": "0", "missing_lines": 3, "excluded_lines": 0}, "missing_lines": [1197, 1199, 1201], "excluded_lines": []}, "VoiceCommandProcessor._handle_emergency_contact": {"executed_lines": [], "summary": {"covered_lines": 0, "num_statements": 3, "percent_covered": 0.0, "percent_covered_display": "0", "missing_lines": 3, "excluded_lines": 0}, "missing_lines": [1213, 1215, 1217], "excluded_lines": []}, "VoiceCommandProcessor._handle_immediate_danger": {"executed_lines": [], "summary": {"covered_lines": 0, "num_statements": 3, "percent_covered": 0.0, "percent_covered_display": "0", "missing_lines": 3, "excluded_lines": 0}, "missing_lines": [1231, 1233, 1235], "excluded_lines": []}, "VoiceCommandProcessor.get_command_history": {"executed_lines": [], "summary": {"covered_lines": 0, "num_statements": 2, "percent_covered": 0.0, "percent_covered_display": "0", "missing_lines": 2, "excluded_lines": 0}, "missing_lines": [1247, 1248], "excluded_lines": []}, "VoiceCommandProcessor.clear_command_history": {"executed_lines": [], "summary": {"covered_lines": 0, "num_statements": 1, "percent_covered": 0.0, "percent_covered_display": "0", "missing_lines": 1, "excluded_lines": 0}, "missing_lines": [1260], "excluded_lines": []}, "VoiceCommandProcessor.get_statistics": {"executed_lines": [], "summary": {"covered_lines": 0, "num_statements": 1, "percent_covered": 0.0, "percent_covered_display": "0", "missing_lines": 1, "excluded_lines": 0}, "missing_lines": [1264], "excluded_lines": []}, "VoiceCommandProcessor._detect_emergency_keywords": {"executed_lines": [], "summary": {"covered_lines": 0, "num_statements": 10, "percent_covered": 0.0, "percent_covered_display": "0", "missing_lines": 10, "excluded_lines": 0}, "missing_lines": [1277, 1279, 1280, 1281, 1283, 1284, 1285, 1286, 1287, 1288], "excluded_lines": []}, "VoiceCommandProcessor._classify_emergency_type": {"executed_lines": [], "summary": {"covered_lines": 0, "num_statements": 9, "percent_covered": 0.0, "percent_covered_display": "0", "missing_lines": 9, "excluded_lines": 0}, "missing_lines": [1292, 1293, 1295, 1297, 1299, 1300, 1301, 1302, 1304], "excluded_lines": []}, "VoiceCommandProcessor._log_emergency_event": {"executed_lines": [], "summary": {"covered_lines": 0, "num_statements": 7, "percent_covered": 0.0, "percent_covered_display": "0", "missing_lines": 7, "excluded_lines": 0}, "missing_lines": [1308, 1309, 1320, 1323, 1326, 1328, 1329], "excluded_lines": []}, "VoiceCommandProcessor._calculate_enhanced_confidence": {"executed_lines": [], "summary": {"covered_lines": 0, "num_statements": 15, "percent_covered": 0.0, "percent_covered_display": "0", "missing_lines": 15, "excluded_lines": 0}, "missing_lines": [1335, 1337, 1338, 1339, 1342, 1345, 1349, 1352, 1355, 1360, 1363, 1373, 1375, 1376, 1377], "excluded_lines": []}, "VoiceCommandProcessor._extract_enhanced_parameters": {"executed_lines": [], "summary": {"covered_lines": 0, "num_statements": 23, "percent_covered": 0.0, "percent_covered_display": "0", "missing_lines": 23, "excluded_lines": 0}, "missing_lines": [1382, 1384, 1386, 1387, 1390, 1391, 1394, 1395, 1397, 1398, 1400, 1402, 1403, 1405, 1407, 1408, 1410, 1412, 1413, 1414, 1416, 1417, 1419], "excluded_lines": []}, "VoiceCommandProcessor._extract_volume_parameters": {"executed_lines": [], "summary": {"covered_lines": 0, "num_statements": 12, "percent_covered": 0.0, "percent_covered_display": "0", "missing_lines": 12, "excluded_lines": 0}, "missing_lines": [1423, 1424, 1427, 1428, 1429, 1430, 1433, 1434, 1435, 1436, 1438, 1440], "excluded_lines": []}, "VoiceCommandProcessor._extract_voice_parameters": {"executed_lines": [], "summary": {"covered_lines": 0, "num_statements": 8, "percent_covered": 0.0, "percent_covered_display": "0", "missing_lines": 8, "excluded_lines": 0}, "missing_lines": [1444, 1445, 1448, 1459, 1460, 1461, 1462, 1464], "excluded_lines": []}, "VoiceCommandProcessor._extract_emergency_parameters": {"executed_lines": [], "summary": {"covered_lines": 0, "num_statements": 9, "percent_covered": 0.0, "percent_covered_display": "0", "missing_lines": 9, "excluded_lines": 0}, "missing_lines": [1468, 1469, 1472, 1475, 1476, 1477, 1478, 1480, 1482], "excluded_lines": []}, "VoiceCommandProcessor._extract_meditation_parameters": {"executed_lines": [], "summary": {"covered_lines": 0, "num_statements": 13, "percent_covered": 0.0, "percent_covered_display": "0", "missing_lines": 13, "excluded_lines": 0}, "missing_lines": [1486, 1487, 1490, 1491, 1492, 1493, 1495, 1498, 1499, 1500, 1501, 1503, 1505], "excluded_lines": []}, "VoiceCommandProcessor._update_conversation_context": {"executed_lines": [], "summary": {"covered_lines": 0, "num_statements": 1, "percent_covered": 0.0, "percent_covered_display": "0", "missing_lines": 1, "excluded_lines": 0}, "missing_lines": [1510], "excluded_lines": []}, "VoiceCommandProcessor._get_context_score": {"executed_lines": [], "summary": {"covered_lines": 0, "num_statements": 21, "percent_covered": 0.0, "percent_covered_display": "0", "missing_lines": 21, "excluded_lines": 0}, "missing_lines": [1514, 1515, 1516, 1518, 1519, 1522, 1523, 1524, 1527, 1530, 1531, 1532, 1533, 1536, 1537, 1538, 1539, 1541, 1543, 1544, 1545], "excluded_lines": []}, "VoiceCommandProcessor._update_command_statistics": {"executed_lines": [], "summary": {"covered_lines": 0, "num_statements": 12, "percent_covered": 0.0, "percent_covered_display": "0", "missing_lines": 12, "excluded_lines": 0}, "missing_lines": [1550, 1551, 1552, 1553, 1556, 1557, 1560, 1563, 1564, 1567, 1569, 1570], "excluded_lines": []}, "VoiceCommandProcessor.get_audit_log": {"executed_lines": [], "summary": {"covered_lines": 0, "num_statements": 1, "percent_covered": 0.0, "percent_covered_display": "0", "missing_lines": 1, "excluded_lines": 0}, "missing_lines": [1574], "excluded_lines": []}, "VoiceCommandProcessor.get_command_analytics": {"executed_lines": [], "summary": {"covered_lines": 0, "num_statements": 6, "percent_covered": 0.0, "percent_covered_display": "0", "missing_lines": 6, "excluded_lines": 0}, "missing_lines": [1578, 1579, 1595, 1597, 1598, 1599], "excluded_lines": []}, "VoiceCommandProcessor.cleanup": {"executed_lines": [], "summary": {"covered_lines": 0, "num_statements": 11, "percent_covered": 0.0, "percent_covered_display": "0", "missing_lines": 11, "excluded_lines": 0}, "missing_lines": [1603, 1604, 1605, 1606, 1607, 1608, 1609, 1610, 1611, 1612, 1613], "excluded_lines": []}, "VoiceCommandProcessor.__del__": {"executed_lines": [], "summary": {"covered_lines": 0, "num_statements": 1, "percent_covered": 0.0, "percent_covered_display": "0", "missing_lines": 1, "excluded_lines": 0}, "missing_lines": [1617], "excluded_lines": []}, "": {"executed_lines": [], "summary": {"covered_lines": 0, "num_statements": 134, "percent_covered": 0.0, "percent_covered_display": "0", "missing_lines": 134, "excluded_lines": 0}, "missing_lines": [15, 16, 17, 18, 19, 20, 21, 22, 23, 24, 25, 26, 28, 29, 30, 33, 34, 35, 37, 38, 43, 44, 45, 47, 48, 59, 61, 62, 63, 64, 65, 66, 67, 68, 69, 70, 72, 74, 75, 76, 77, 79, 80, 82, 83, 84, 85, 86, 87, 88, 89, 90, 91, 92, 93, 94, 95, 96, 97, 98, 99, 101, 102, 104, 105, 106, 107, 108, 109, 110, 111, 112, 113, 114, 115, 116, 118, 121, 196, 205, 544, 578, 587, 596, 604, 619, 658, 705, 711, 715, 825, 849, 885, 994, 1002, 1010, 1018, 1026, 1034, 1044, 1054, 1066, 1076, 1085, 1093, 1101, 1109, 1122, 1133, 1141, 1150, 1175, 1195, 1211, 1229, 1245, 1258, 1262, 1275, 1290, 1306, 1332, 1379, 1421, 1442, 1466, 1484, 1508, 1512, 1548, 1572, 1576, 1601, 1615], "excluded_lines": []}}, "classes": {"CommandCategory": {"executed_lines": [], "summary": {"covered_lines": 0, "num_statements": 0, "percent_covered": 100.0, "percent_covered_display": "100", "missing_lines": 0, "excluded_lines": 0}, "missing_lines": [], "excluded_lines": []}, "SecurityLevel": {"executed_lines": [], "summary": {"covered_lines": 0, "num_statements": 0, "percent_covered": 100.0, "percent_covered_display": "100", "missing_lines": 0, "excluded_lines": 0}, "missing_lines": [], "excluded_lines": []}, "VoiceCommand": {"executed_lines": [], "summary": {"covered_lines": 0, "num_statements": 0, "percent_covered": 100.0, "percent_covered_display": "100", "missing_lines": 0, "excluded_lines": 0}, "missing_lines": [], "excluded_lines": []}, "CommandMatch": {"executed_lines": [], "summary": {"covered_lines": 0, "num_statements": 0, "percent_covered": 100.0, "percent_covered_display": "100", "missing_lines": 0, "excluded_lines": 0}, "missing_lines": [], "excluded_lines": []}, "VoiceCommandProcessor": {"executed_lines": [], "summary": {"covered_lines": 0, "num_statements": 406, "percent_covered": 0.0, "percent_covered_display": "0", "missing_lines": 406, "excluded_lines": 0}, "missing_lines": [123, 124, 127, 128, 129, 132, 142, 153, 154, 157, 158, 159, 160, 161, 164, 167, 168, 169, 172, 181, 182, 190, 191, 192, 194, 198, 207, 541, 542, 546, 580, 581, 582, 583, 584, 585, 589, 590, 591, 592, 593, 594, 598, 599, 600, 601, 602, 606, 607, 608, 609, 617, 621, 622, 624, 626, 627, 628, 629, 630, 644, 645, 646, 647, 652, 654, 655, 656, 660, 661, 663, 665, 666, 667, 669, 672, 673, 674, 675, 676, 694, 695, 696, 699, 701, 702, 703, 709, 713, 717, 718, 719, 720, 721, 724, 725, 728, 737, 738, 739, 742, 743, 744, 745, 748, 749, 750, 752, 753, 754, 757, 762, 763, 765, 767, 769, 783, 785, 786, 792, 793, 795, 801, 803, 806, 807, 810, 813, 814, 817, 818, 823, 827, 829, 830, 831, 834, 837, 841, 843, 845, 846, 847, 851, 853, 855, 856, 859, 860, 863, 865, 866, 867, 869, 871, 872, 873, 874, 876, 878, 880, 881, 883, 887, 888, 889, 891, 892, 893, 896, 908, 910, 913, 914, 917, 918, 921, 922, 925, 926, 927, 929, 943, 944, 947, 948, 949, 950, 952, 965, 966, 967, 970, 971, 972, 973, 976, 977, 979, 996, 1004, 1012, 1020, 1028, 1036, 1037, 1046, 1047, 1056, 1057, 1059, 1068, 1069, 1078, 1087, 1095, 1103, 1111, 1112, 1113, 1115, 1124, 1126, 1135, 1143, 1153, 1156, 1157, 1158, 1165, 1167, 1177, 1179, 1181, 1197, 1199, 1201, 1213, 1215, 1217, 1231, 1233, 1235, 1247, 1248, 1260, 1264, 1277, 1279, 1280, 1281, 1283, 1284, 1285, 1286, 1287, 1288, 1292, 1293, 1295, 1297, 1299, 1300, 1301, 1302, 1304, 1308, 1309, 1320, 1323, 1326, 1328, 1329, 1335, 1337, 1338, 1339, 1342, 1345, 1349, 1352, 1355, 1360, 1363, 1373, 1375, 1376, 1377, 1382, 1384, 1386, 1387, 1390, 1391, 1394, 1395, 1397, 1398, 1400, 1402, 1403, 1405, 1407, 1408, 1410, 1412, 1413, 1414, 1416, 1417, 1419, 1423, 1424, 1427, 1428, 1429, 1430, 1433, 1434, 1435, 1436, 1438, 1440, 1444, 1445, 1448, 1459, 1460, 1461, 1462, 1464, 1468, 1469, 1472, 1475, 1476, 1477, 1478, 1480, 1482, 1486, 1487, 1490, 1491, 1492, 1493, 1495, 1498, 1499, 1500, 1501, 1503, 1505, 1510, 1514, 1515, 1516, 1518, 1519, 1522, 1523, 1524, 1527, 1530, 1531, 1532, 1533, 1536, 1537, 1538, 1539, 1541, 1543, 1544, 1545, 1550, 1551, 1552, 1553, 1556, 1557, 1560, 1563, 1564, 1567, 1569, 1570, 1574, 1578, 1579, 1595, 1597, 1598, 1599, 1603, 1604, 1605, 1606, 1607, 1608, 1609, 1610, 1611, 1612, 1613, 1617], "excluded_lines": []}, "": {"executed_lines": [], "summary": {"covered_lines": 0, "num_statements": 134, "percent_covered": 0.0, "percent_covered_display": "0", "missing_lines": 134, "excluded_lines": 0}, "missing_lines": [15, 16, 17, 18, 19, 20, 21, 22, 23, 24, 25, 26, 28, 29, 30, 33, 34, 35, 37, 38, 43, 44, 45, 47, 48, 59, 61, 62, 63, 64, 65, 66, 67, 68, 69, 70, 72, 74, 75, 76, 77, 79, 80, 82, 83, 84, 85, 86, 87, 88, 89, 90, 91, 92, 93, 94, 95, 96, 97, 98, 99, 101, 102, 104, 105, 106, 107, 108, 109, 110, 111, 112, 113, 114, 115, 116, 118, 121, 196, 205, 544, 578, 587, 596, 604, 619, 658, 705, 711, 715, 825, 849, 885, 994, 1002, 1010, 1018, 1026, 1034, 1044, 1054, 1066, 1076, 1085, 1093, 1101, 1109, 1122, 1133, 1141, 1150, 1175, 1195, 1211, 1229, 1245, 1258, 1262, 1275, 1290, 1306, 1332, 1379, 1421, 1442, 1466, 1484, 1508, 1512, 1548, 1572, 1576, 1601, 1615], "excluded_lines": []}}}, "voice/config.py": {"executed_lines": [], "summary": {"covered_lines": 0, "num_statements": 269, "percent_covered": 0.0, "percent_covered_display": "0", "missing_lines": 269, "excluded_lines": 0}, "missing_lines": [12, 13, 14, 15, 16, 17, 18, 20, 21, 23, 24, 25, 26, 27, 28, 29, 30, 31, 32, 33, 34, 35, 36, 38, 39, 41, 42, 43, 44, 45, 46, 47, 48, 49, 50, 51, 52, 53, 54, 56, 57, 59, 60, 61, 62, 63, 64, 65, 66, 67, 68, 69, 71, 72, 74, 75, 76, 77, 78, 79, 80, 81, 83, 84, 87, 88, 89, 90, 93, 96, 99, 102, 103, 104, 105, 106, 107, 109, 110, 111, 112, 113, 114, 115, 117, 118, 119, 121, 122, 123, 124, 125, 127, 128, 129, 130, 131, 134, 135, 136, 137, 138, 139, 142, 143, 144, 145, 146, 149, 150, 151, 152, 153, 155, 157, 158, 160, 163, 164, 165, 166, 169, 170, 171, 172, 173, 174, 177, 178, 179, 180, 181, 182, 183, 186, 187, 188, 191, 192, 193, 194, 195, 198, 199, 200, 201, 202, 205, 206, 207, 208, 209, 210, 213, 214, 215, 216, 217, 220, 221, 222, 223, 224, 225, 226, 227, 228, 229, 230, 233, 234, 235, 236, 237, 240, 241, 242, 243, 244, 245, 248, 249, 250, 251, 252, 254, 256, 257, 259, 260, 261, 262, 263, 264, 265, 266, 267, 270, 271, 273, 275, 332, 333, 335, 337, 338, 339, 340, 343, 345, 347, 348, 350, 351, 366, 368, 369, 371, 372, 389, 390, 392, 394, 396, 398, 400, 402, 404, 406, 408, 410, 412, 414, 416, 418, 420, 421, 422, 423, 424, 425, 427, 429, 431, 432, 433, 434, 436, 438, 440, 443, 444, 447, 448, 449, 452, 453, 454, 457, 458, 461, 462, 465, 466, 468, 469, 471, 473, 475], "excluded_lines": [], "functions": {"VoiceConfig.__post_init__": {"executed_lines": [], "summary": {"covered_lines": 0, "num_statements": 2, "percent_covered": 0.0, "percent_covered_display": "0", "missing_lines": 2, "excluded_lines": 0}, "missing_lines": [157, 158], "excluded_lines": []}, "VoiceConfig._load_from_env": {"executed_lines": [], "summary": {"covered_lines": 0, "num_statements": 68, "percent_covered": 0.0, "percent_covered_display": "0", "missing_lines": 68, "excluded_lines": 0}, "missing_lines": [163, 164, 165, 166, 169, 170, 171, 172, 173, 174, 177, 178, 179, 180, 181, 182, 183, 186, 187, 188, 191, 192, 193, 194, 195, 198, 199, 200, 201, 202, 205, 206, 207, 208, 209, 210, 213, 214, 215, 216, 217, 220, 221, 222, 223, 224, 225, 226, 227, 228, 229, 230, 233, 234, 235, 236, 237, 240, 241, 242, 243, 244, 245, 248, 249, 250, 251, 252], "excluded_lines": []}, "VoiceConfig._load_voice_profiles": {"executed_lines": [], "summary": {"covered_lines": 0, "num_statements": 13, "percent_covered": 0.0, "percent_covered_display": "0", "missing_lines": 13, "excluded_lines": 0}, "missing_lines": [256, 257, 259, 260, 261, 262, 263, 264, 265, 266, 267, 270, 271], "excluded_lines": []}, "VoiceConfig._create_default_profiles": {"executed_lines": [], "summary": {"covered_lines": 0, "num_statements": 3, "percent_covered": 0.0, "percent_covered_display": "0", "missing_lines": 3, "excluded_lines": 0}, "missing_lines": [275, 332, 333], "excluded_lines": []}, "VoiceConfig.get_voice_profile": {"executed_lines": [], "summary": {"covered_lines": 0, "num_statements": 5, "percent_covered": 0.0, "percent_covered_display": "0", "missing_lines": 5, "excluded_lines": 0}, "missing_lines": [337, 338, 339, 340, 343], "excluded_lines": []}, "VoiceConfig.get_voice_profile_settings": {"executed_lines": [], "summary": {"covered_lines": 0, "num_statements": 4, "percent_covered": 0.0, "percent_covered_display": "0", "missing_lines": 4, "excluded_lines": 0}, "missing_lines": [347, 348, 350, 351], "excluded_lines": []}, "VoiceConfig.save_voice_profile": {"executed_lines": [], "summary": {"covered_lines": 0, "num_statements": 7, "percent_covered": 0.0, "percent_covered_display": "0", "missing_lines": 7, "excluded_lines": 0}, "missing_lines": [368, 369, 371, 372, 389, 390, 392], "excluded_lines": []}, "VoiceConfig.is_elevenlabs_configured": {"executed_lines": [], "summary": {"covered_lines": 0, "num_statements": 1, "percent_covered": 0.0, "percent_covered_display": "0", "missing_lines": 1, "excluded_lines": 0}, "missing_lines": [396], "excluded_lines": []}, "VoiceConfig.is_openai_whisper_configured": {"executed_lines": [], "summary": {"covered_lines": 0, "num_statements": 1, "percent_covered": 0.0, "percent_covered_display": "0", "missing_lines": 1, "excluded_lines": 0}, "missing_lines": [400], "excluded_lines": []}, "VoiceConfig.is_openai_tts_configured": {"executed_lines": [], "summary": {"covered_lines": 0, "num_statements": 1, "percent_covered": 0.0, "percent_covered_display": "0", "missing_lines": 1, "excluded_lines": 0}, "missing_lines": [404], "excluded_lines": []}, "VoiceConfig.is_google_speech_configured": {"executed_lines": [], "summary": {"covered_lines": 0, "num_statements": 1, "percent_covered": 0.0, "percent_covered_display": "0", "missing_lines": 1, "excluded_lines": 0}, "missing_lines": [408], "excluded_lines": []}, "VoiceConfig.is_whisper_configured": {"executed_lines": [], "summary": {"covered_lines": 0, "num_statements": 1, "percent_covered": 0.0, "percent_covered_display": "0", "missing_lines": 1, "excluded_lines": 0}, "missing_lines": [412], "excluded_lines": []}, "VoiceConfig.is_piper_configured": {"executed_lines": [], "summary": {"covered_lines": 0, "num_statements": 1, "percent_covered": 0.0, "percent_covered_display": "0", "missing_lines": 1, "excluded_lines": 0}, "missing_lines": [416], "excluded_lines": []}, "VoiceConfig.get_preferred_stt_service": {"executed_lines": [], "summary": {"covered_lines": 0, "num_statements": 7, "percent_covered": 0.0, "percent_covered_display": "0", "missing_lines": 7, "excluded_lines": 0}, "missing_lines": [420, 421, 422, 423, 424, 425, 427], "excluded_lines": []}, "VoiceConfig.get_preferred_tts_service": {"executed_lines": [], "summary": {"covered_lines": 0, "num_statements": 5, "percent_covered": 0.0, "percent_covered_display": "0", "missing_lines": 5, "excluded_lines": 0}, "missing_lines": [431, 432, 433, 434, 436], "excluded_lines": []}, "VoiceConfig.validate_configuration": {"executed_lines": [], "summary": {"covered_lines": 0, "num_statements": 18, "percent_covered": 0.0, "percent_covered_display": "0", "missing_lines": 18, "excluded_lines": 0}, "missing_lines": [440, 443, 444, 447, 448, 449, 452, 453, 454, 457, 458, 461, 462, 465, 466, 468, 469, 471], "excluded_lines": []}, "VoiceConfig.to_dict": {"executed_lines": [], "summary": {"covered_lines": 0, "num_statements": 1, "percent_covered": 0.0, "percent_covered_display": "0", "missing_lines": 1, "excluded_lines": 0}, "missing_lines": [475], "excluded_lines": []}, "": {"executed_lines": [], "summary": {"covered_lines": 0, "num_statements": 130, "percent_covered": 0.0, "percent_covered_display": "0", "missing_lines": 130, "excluded_lines": 0}, "missing_lines": [12, 13, 14, 15, 16, 17, 18, 20, 21, 23, 24, 25, 26, 27, 28, 29, 30, 31, 32, 33, 34, 35, 36, 38, 39, 41, 42, 43, 44, 45, 46, 47, 48, 49, 50, 51, 52, 53, 54, 56, 57, 59, 60, 61, 62, 63, 64, 65, 66, 67, 68, 69, 71, 72, 74, 75, 76, 77, 78, 79, 80, 81, 83, 84, 87, 88, 89, 90, 93, 96, 99, 102, 103, 104, 105, 106, 107, 109, 110, 111, 112, 113, 114, 115, 117, 118, 119, 121, 122, 123, 124, 125, 127, 128, 129, 130, 131, 134, 135, 136, 137, 138, 139, 142, 143, 144, 145, 146, 149, 150, 151, 152, 153, 155, 160, 254, 273, 335, 345, 366, 394, 398, 402, 406, 410, 414, 418, 429, 438, 473], "excluded_lines": []}}, "classes": {"VoiceProfile": {"executed_lines": [], "summary": {"covered_lines": 0, "num_statements": 0, "percent_covered": 100.0, "percent_covered_display": "100", "missing_lines": 0, "excluded_lines": 0}, "missing_lines": [], "excluded_lines": []}, "AudioConfig": {"executed_lines": [], "summary": {"covered_lines": 0, "num_statements": 0, "percent_covered": 100.0, "percent_covered_display": "100", "missing_lines": 0, "excluded_lines": 0}, "missing_lines": [], "excluded_lines": []}, "SecurityConfig": {"executed_lines": [], "summary": {"covered_lines": 0, "num_statements": 0, "percent_covered": 100.0, "percent_covered_display": "100", "missing_lines": 0, "excluded_lines": 0}, "missing_lines": [], "excluded_lines": []}, "PerformanceConfig": {"executed_lines": [], "summary": {"covered_lines": 0, "num_statements": 0, "percent_covered": 100.0, "percent_covered_display": "100", "missing_lines": 0, "excluded_lines": 0}, "missing_lines": [], "excluded_lines": []}, "VoiceConfig": {"executed_lines": [], "summary": {"covered_lines": 0, "num_statements": 139, "percent_covered": 0.0, "percent_covered_display": "0", "missing_lines": 139, "excluded_lines": 0}, "missing_lines": [157, 158, 163, 164, 165, 166, 169, 170, 171, 172, 173, 174, 177, 178, 179, 180, 181, 182, 183, 186, 187, 188, 191, 192, 193, 194, 195, 198, 199, 200, 201, 202, 205, 206, 207, 208, 209, 210, 213, 214, 215, 216, 217, 220, 221, 222, 223, 224, 225, 226, 227, 228, 229, 230, 233, 234, 235, 236, 237, 240, 241, 242, 243, 244, 245, 248, 249, 250, 251, 252, 256, 257, 259, 260, 261, 262, 263, 264, 265, 266, 267, 270, 271, 275, 332, 333, 337, 338, 339, 340, 343, 347, 348, 350, 351, 368, 369, 371, 372, 389, 390, 392, 396, 400, 404, 408, 412, 416, 420, 421, 422, 423, 424, 425, 427, 431, 432, 433, 434, 436, 440, 443, 444, 447, 448, 449, 452, 453, 454, 457, 458, 461, 462, 465, 466, 468, 469, 471, 475], "excluded_lines": []}, "": {"executed_lines": [], "summary": {"covered_lines": 0, "num_statements": 130, "percent_covered": 0.0, "percent_covered_display": "0", "missing_lines": 130, "excluded_lines": 0}, "missing_lines": [12, 13, 14, 15, 16, 17, 18, 20, 21, 23, 24, 25, 26, 27, 28, 29, 30, 31, 32, 33, 34, 35, 36, 38, 39, 41, 42, 43, 44, 45, 46, 47, 48, 49, 50, 51, 52, 53, 54, 56, 57, 59, 60, 61, 62, 63, 64, 65, 66, 67, 68, 69, 71, 72, 74, 75, 76, 77, 78, 79, 80, 81, 83, 84, 87, 88, 89, 90, 93, 96, 99, 102, 103, 104, 105, 106, 107, 109, 110, 111, 112, 113, 114, 115, 117, 118, 119, 121, 122, 123, 124, 125, 127, 128, 129, 130, 131, 134, 135, 136, 137, 138, 139, 142, 143, 144, 145, 146, 149, 150, 151, 152, 153, 155, 160, 254, 273, 335, 345, 366, 394, 398, 402, 406, 410, 414, 418, 429, 438, 473], "excluded_lines": []}}}, "voice/enhanced_security.py": {"executed_lines": [], "summary": {"covered_lines": 0, "num_statements": 133, "percent_covered": 0.0, "percent_covered_display": "0", "missing_lines": 133, "excluded_lines": 0}, "missing_lines": [5, 6, 7, 8, 9, 10, 11, 12, 13, 16, 18, 20, 21, 22, 23, 25, 26, 28, 29, 30, 31, 32, 33, 34, 35, 37, 39, 40, 41, 42, 43, 44, 45, 46, 47, 48, 50, 52, 53, 54, 55, 57, 60, 70, 71, 74, 75, 76, 77, 79, 81, 82, 84, 86, 87, 89, 91, 92, 93, 95, 99, 135, 137, 138, 139, 140, 142, 144, 145, 154, 157, 158, 161, 162, 163, 165, 167, 169, 170, 172, 173, 175, 178, 187, 191, 192, 193, 194, 197, 198, 201, 202, 205, 206, 207, 209, 211, 213, 214, 215, 216, 219, 228, 230, 231, 233, 236, 238, 239, 240, 241, 244, 245, 246, 249, 251, 253, 264, 265, 267, 270, 271, 280, 282, 283, 284, 286, 288, 291, 293, 296, 297, 298], "excluded_lines": [], "functions": {"SecurityConfig.__init__": {"executed_lines": [], "summary": {"covered_lines": 0, "num_statements": 9, "percent_covered": 0.0, "percent_covered_display": "0", "missing_lines": 9, "excluded_lines": 0}, "missing_lines": [40, 41, 42, 43, 44, 45, 46, 47, 48], "excluded_lines": []}, "MockAuditLogger.__init__": {"executed_lines": [], "summary": {"covered_lines": 0, "num_statements": 3, "percent_covered": 0.0, "percent_covered_display": "0", "missing_lines": 3, "excluded_lines": 0}, "missing_lines": [53, 54, 55], "excluded_lines": []}, "MockAuditLogger.log_event": {"executed_lines": [], "summary": {"covered_lines": 0, "num_statements": 7, "percent_covered": 0.0, "percent_covered_display": "0", "missing_lines": 7, "excluded_lines": 0}, "missing_lines": [60, 70, 71, 74, 75, 76, 77], "excluded_lines": []}, "MockAuditLogger.get_events_by_type": {"executed_lines": [], "summary": {"covered_lines": 0, "num_statements": 2, "percent_covered": 0.0, "percent_covered_display": "0", "missing_lines": 2, "excluded_lines": 0}, "missing_lines": [81, 82], "excluded_lines": []}, "MockAuditLogger.get_events_by_user": {"executed_lines": [], "summary": {"covered_lines": 0, "num_statements": 2, "percent_covered": 0.0, "percent_covered_display": "0", "missing_lines": 2, "excluded_lines": 0}, "missing_lines": [86, 87], "excluded_lines": []}, "MockAuditLogger.clear_events": {"executed_lines": [], "summary": {"covered_lines": 0, "num_statements": 3, "percent_covered": 0.0, "percent_covered_display": "0", "missing_lines": 3, "excluded_lines": 0}, "missing_lines": [91, 92, 93], "excluded_lines": []}, "EnhancedAccessManager.__init__": {"executed_lines": [], "summary": {"covered_lines": 0, "num_statements": 4, "percent_covered": 0.0, "percent_covered_display": "0", "missing_lines": 4, "excluded_lines": 0}, "missing_lines": [137, 138, 139, 140], "excluded_lines": []}, "EnhancedAccessManager.assign_role": {"executed_lines": [], "summary": {"covered_lines": 0, "num_statements": 2, "percent_covered": 0.0, "percent_covered_display": "0", "missing_lines": 2, "excluded_lines": 0}, "missing_lines": [144, 145], "excluded_lines": []}, "EnhancedAccessManager.get_user_role": {"executed_lines": [], "summary": {"covered_lines": 0, "num_statements": 6, "percent_covered": 0.0, "percent_covered_display": "0", "missing_lines": 6, "excluded_lines": 0}, "missing_lines": [157, 158, 161, 162, 163, 165], "excluded_lines": []}, "EnhancedAccessManager.grant_access": {"executed_lines": [], "summary": {"covered_lines": 0, "num_statements": 6, "percent_covered": 0.0, "percent_covered_display": "0", "missing_lines": 6, "excluded_lines": 0}, "missing_lines": [169, 170, 172, 173, 175, 178], "excluded_lines": []}, "EnhancedAccessManager.has_access": {"executed_lines": [], "summary": {"covered_lines": 0, "num_statements": 12, "percent_covered": 0.0, "percent_covered_display": "0", "missing_lines": 12, "excluded_lines": 0}, "missing_lines": [191, 192, 193, 194, 197, 198, 201, 202, 205, 206, 207, 209], "excluded_lines": []}, "EnhancedAccessManager.revoke_access": {"executed_lines": [], "summary": {"covered_lines": 0, "num_statements": 5, "percent_covered": 0.0, "percent_covered_display": "0", "missing_lines": 5, "excluded_lines": 0}, "missing_lines": [213, 214, 215, 216, 219], "excluded_lines": []}, "EnhancedAccessManager._log_security_event": {"executed_lines": [], "summary": {"covered_lines": 0, "num_statements": 2, "percent_covered": 0.0, "percent_covered_display": "0", "missing_lines": 2, "excluded_lines": 0}, "missing_lines": [230, 231], "excluded_lines": []}, "VoiceSecurity.__init__": {"executed_lines": [], "summary": {"covered_lines": 0, "num_statements": 8, "percent_covered": 0.0, "percent_covered_display": "0", "missing_lines": 8, "excluded_lines": 0}, "missing_lines": [238, 239, 240, 241, 244, 245, 246, 249], "excluded_lines": []}, "VoiceSecurity._initialize_test_roles": {"executed_lines": [], "summary": {"covered_lines": 0, "num_statements": 3, "percent_covered": 0.0, "percent_covered_display": "0", "missing_lines": 3, "excluded_lines": 0}, "missing_lines": [253, 264, 265], "excluded_lines": []}, "VoiceSecurity._log_security_event": {"executed_lines": [], "summary": {"covered_lines": 0, "num_statements": 2, "percent_covered": 0.0, "percent_covered_display": "0", "missing_lines": 2, "excluded_lines": 0}, "missing_lines": [270, 271], "excluded_lines": []}, "VoiceSecurity.get_security_events": {"executed_lines": [], "summary": {"covered_lines": 0, "num_statements": 3, "percent_covered": 0.0, "percent_covered_display": "0", "missing_lines": 3, "excluded_lines": 0}, "missing_lines": [282, 283, 284], "excluded_lines": []}, "VoiceSecurity.clear_audit_logs": {"executed_lines": [], "summary": {"covered_lines": 0, "num_statements": 1, "percent_covered": 0.0, "percent_covered_display": "0", "missing_lines": 1, "excluded_lines": 0}, "missing_lines": [288], "excluded_lines": []}, "get_voice_security_instance": {"executed_lines": [], "summary": {"covered_lines": 0, "num_statements": 3, "percent_covered": 0.0, "percent_covered_display": "0", "missing_lines": 3, "excluded_lines": 0}, "missing_lines": [296, 297, 298], "excluded_lines": []}, "": {"executed_lines": [], "summary": {"covered_lines": 0, "num_statements": 50, "percent_covered": 0.0, "percent_covered_display": "0", "missing_lines": 50, "excluded_lines": 0}, "missing_lines": [5, 6, 7, 8, 9, 10, 11, 12, 13, 16, 18, 20, 21, 22, 23, 25, 26, 28, 29, 30, 31, 32, 33, 34, 35, 37, 39, 50, 52, 57, 79, 84, 89, 95, 99, 135, 142, 154, 167, 187, 211, 228, 233, 236, 251, 267, 280, 286, 291, 293], "excluded_lines": []}}, "classes": {"SecurityLevel": {"executed_lines": [], "summary": {"covered_lines": 0, "num_statements": 0, "percent_covered": 100.0, "percent_covered_display": "100", "missing_lines": 0, "excluded_lines": 0}, "missing_lines": [], "excluded_lines": []}, "SecurityEvent": {"executed_lines": [], "summary": {"covered_lines": 0, "num_statements": 0, "percent_covered": 100.0, "percent_covered_display": "100", "missing_lines": 0, "excluded_lines": 0}, "missing_lines": [], "excluded_lines": []}, "SecurityConfig": {"executed_lines": [], "summary": {"covered_lines": 0, "num_statements": 9, "percent_covered": 0.0, "percent_covered_display": "0", "missing_lines": 9, "excluded_lines": 0}, "missing_lines": [40, 41, 42, 43, 44, 45, 46, 47, 48], "excluded_lines": []}, "MockAuditLogger": {"executed_lines": [], "summary": {"covered_lines": 0, "num_statements": 17, "percent_covered": 0.0, "percent_covered_display": "0", "missing_lines": 17, "excluded_lines": 0}, "missing_lines": [53, 54, 55, 60, 70, 71, 74, 75, 76, 77, 81, 82, 86, 87, 91, 92, 93], "excluded_lines": []}, "EnhancedAccessManager": {"executed_lines": [], "summary": {"covered_lines": 0, "num_statements": 37, "percent_covered": 0.0, "percent_covered_display": "0", "missing_lines": 37, "excluded_lines": 0}, "missing_lines": [137, 138, 139, 140, 144, 145, 157, 158, 161, 162, 163, 165, 169, 170, 172, 173, 175, 178, 191, 192, 193, 194, 197, 198, 201, 202, 205, 206, 207, 209, 213, 214, 215, 216, 219, 230, 231], "excluded_lines": []}, "VoiceSecurity": {"executed_lines": [], "summary": {"covered_lines": 0, "num_statements": 17, "percent_covered": 0.0, "percent_covered_display": "0", "missing_lines": 17, "excluded_lines": 0}, "missing_lines": [238, 239, 240, 241, 244, 245, 246, 249, 253, 264, 265, 270, 271, 282, 283, 284, 288], "excluded_lines": []}, "": {"executed_lines": [], "summary": {"covered_lines": 0, "num_statements": 53, "percent_covered": 0.0, "percent_covered_display": "0", "missing_lines": 53, "excluded_lines": 0}, "missing_lines": [5, 6, 7, 8, 9, 10, 11, 12, 13, 16, 18, 20, 21, 22, 23, 25, 26, 28, 29, 30, 31, 32, 33, 34, 35, 37, 39, 50, 52, 57, 79, 84, 89, 95, 99, 135, 142, 154, 167, 187, 211, 228, 233, 236, 251, 267, 280, 286, 291, 293, 296, 297, 298], "excluded_lines": []}}}, "voice/optimized_audio_processor.py": {"executed_lines": [], "summary": {"covered_lines": 0, "num_statements": 125, "percent_covered": 0.0, "percent_covered_display": "0", "missing_lines": 125, "excluded_lines": 0}, "missing_lines": [6, 7, 8, 9, 10, 11, 12, 13, 16, 18, 20, 21, 22, 24, 25, 27, 28, 29, 30, 31, 32, 34, 35, 37, 38, 39, 40, 41, 43, 45, 46, 48, 50, 51, 52, 53, 55, 58, 60, 61, 62, 63, 64, 66, 68, 69, 71, 72, 74, 77, 79, 80, 81, 82, 83, 84, 87, 90, 91, 94, 95, 98, 101, 102, 105, 107, 109, 111, 112, 121, 124, 125, 128, 129, 130, 133, 134, 144, 145, 146, 149, 157, 165, 167, 168, 169, 170, 171, 173, 175, 176, 178, 180, 182, 184, 185, 193, 194, 196, 197, 199, 201, 209, 211, 219, 222, 224, 226, 227, 229, 230, 232, 234, 235, 237, 239, 240, 242, 244, 245, 247, 248, 249, 251, 253], "excluded_lines": [], "functions": {"OptimizedAudioData.__post_init__": {"executed_lines": [], "summary": {"covered_lines": 0, "num_statements": 2, "percent_covered": 0.0, "percent_covered_display": "0", "missing_lines": 2, "excluded_lines": 0}, "missing_lines": [45, 46], "excluded_lines": []}, "OptimizedAudioData._calculate_quality": {"executed_lines": [], "summary": {"covered_lines": 0, "num_statements": 4, "percent_covered": 0.0, "percent_covered_display": "0", "missing_lines": 4, "excluded_lines": 0}, "missing_lines": [50, 51, 52, 53], "excluded_lines": []}, "OptimizedAudioProcessorState.__init__": {"executed_lines": [], "summary": {"covered_lines": 0, "num_statements": 5, "percent_covered": 0.0, "percent_covered_display": "0", "missing_lines": 5, "excluded_lines": 0}, "missing_lines": [60, 61, 62, 63, 64], "excluded_lines": []}, "OptimizedAudioProcessorState.update_metrics": {"executed_lines": [], "summary": {"covered_lines": 0, "num_statements": 4, "percent_covered": 0.0, "percent_covered_display": "0", "missing_lines": 4, "excluded_lines": 0}, "missing_lines": [68, 69, 71, 72], "excluded_lines": []}, "OptimizedAudioProcessor.__init__": {"executed_lines": [], "summary": {"covered_lines": 0, "num_statements": 15, "percent_covered": 0.0, "percent_covered_display": "0", "missing_lines": 15, "excluded_lines": 0}, "missing_lines": [79, 80, 81, 82, 83, 84, 87, 90, 91, 94, 95, 98, 101, 102, 105], "excluded_lines": []}, "OptimizedAudioProcessor.process_audio": {"executed_lines": [], "summary": {"covered_lines": 0, "num_statements": 16, "percent_covered": 0.0, "percent_covered_display": "0", "missing_lines": 16, "excluded_lines": 0}, "missing_lines": [109, 111, 112, 121, 124, 125, 128, 129, 130, 133, 134, 144, 145, 146, 149, 157], "excluded_lines": []}, "OptimizedAudioProcessor.process_batch": {"executed_lines": [], "summary": {"covered_lines": 0, "num_statements": 5, "percent_covered": 0.0, "percent_covered_display": "0", "missing_lines": 5, "excluded_lines": 0}, "missing_lines": [167, 168, 169, 170, 171], "excluded_lines": []}, "OptimizedAudioProcessor.start_streaming": {"executed_lines": [], "summary": {"covered_lines": 0, "num_statements": 2, "percent_covered": 0.0, "percent_covered_display": "0", "missing_lines": 2, "excluded_lines": 0}, "missing_lines": [175, 176], "excluded_lines": []}, "OptimizedAudioProcessor.stop_streaming": {"executed_lines": [], "summary": {"covered_lines": 0, "num_statements": 1, "percent_covered": 0.0, "percent_covered_display": "0", "missing_lines": 1, "excluded_lines": 0}, "missing_lines": [180], "excluded_lines": []}, "OptimizedAudioProcessor.get_performance_metrics": {"executed_lines": [], "summary": {"covered_lines": 0, "num_statements": 8, "percent_covered": 0.0, "percent_covered_display": "0", "missing_lines": 8, "excluded_lines": 0}, "missing_lines": [184, 185, 193, 194, 196, 197, 199, 201], "excluded_lines": []}, "OptimizedAudioProcessor.validate_audio": {"executed_lines": [], "summary": {"covered_lines": 0, "num_statements": 1, "percent_covered": 0.0, "percent_covered_display": "0", "missing_lines": 1, "excluded_lines": 0}, "missing_lines": [211], "excluded_lines": []}, "OptimizedAudioProcessor._apply_noise_reduction": {"executed_lines": [], "summary": {"covered_lines": 0, "num_statements": 1, "percent_covered": 0.0, "percent_covered_display": "0", "missing_lines": 1, "excluded_lines": 0}, "missing_lines": [222], "excluded_lines": []}, "OptimizedAudioProcessor._detect_voice_activity": {"executed_lines": [], "summary": {"covered_lines": 0, "num_statements": 4, "percent_covered": 0.0, "percent_covered_display": "0", "missing_lines": 4, "excluded_lines": 0}, "missing_lines": [226, 227, 229, 230], "excluded_lines": []}, "OptimizedAudioProcessor._get_memory_usage": {"executed_lines": [], "summary": {"covered_lines": 0, "num_statements": 2, "percent_covered": 0.0, "percent_covered_display": "0", "missing_lines": 2, "excluded_lines": 0}, "missing_lines": [234, 235], "excluded_lines": []}, "OptimizedAudioProcessor._get_cpu_usage": {"executed_lines": [], "summary": {"covered_lines": 0, "num_statements": 2, "percent_covered": 0.0, "percent_covered_display": "0", "missing_lines": 2, "excluded_lines": 0}, "missing_lines": [239, 240], "excluded_lines": []}, "OptimizedAudioProcessor._calculate_quality_score": {"executed_lines": [], "summary": {"covered_lines": 0, "num_statements": 5, "percent_covered": 0.0, "percent_covered_display": "0", "missing_lines": 5, "excluded_lines": 0}, "missing_lines": [244, 245, 247, 248, 249], "excluded_lines": []}, "create_optimized_audio_processor": {"executed_lines": [], "summary": {"covered_lines": 0, "num_statements": 1, "percent_covered": 0.0, "percent_covered_display": "0", "missing_lines": 1, "excluded_lines": 0}, "missing_lines": [253], "excluded_lines": []}, "": {"executed_lines": [], "summary": {"covered_lines": 0, "num_statements": 47, "percent_covered": 0.0, "percent_covered_display": "0", "missing_lines": 47, "excluded_lines": 0}, "missing_lines": [6, 7, 8, 9, 10, 11, 12, 13, 16, 18, 20, 21, 22, 24, 25, 27, 28, 29, 30, 31, 32, 34, 35, 37, 38, 39, 40, 41, 43, 48, 55, 58, 66, 74, 77, 107, 165, 173, 178, 182, 209, 219, 224, 232, 237, 242, 251], "excluded_lines": []}}, "classes": {"AudioProcessingMode": {"executed_lines": [], "summary": {"covered_lines": 0, "num_statements": 0, "percent_covered": 100.0, "percent_covered_display": "100", "missing_lines": 0, "excluded_lines": 0}, "missing_lines": [], "excluded_lines": []}, "AudioProcessingMetrics": {"executed_lines": [], "summary": {"covered_lines": 0, "num_statements": 0, "percent_covered": 100.0, "percent_covered_display": "100", "missing_lines": 0, "excluded_lines": 0}, "missing_lines": [], "excluded_lines": []}, "OptimizedAudioData": {"executed_lines": [], "summary": {"covered_lines": 0, "num_statements": 6, "percent_covered": 0.0, "percent_covered_display": "0", "missing_lines": 6, "excluded_lines": 0}, "missing_lines": [45, 46, 50, 51, 52, 53], "excluded_lines": []}, "OptimizedAudioProcessorState": {"executed_lines": [], "summary": {"covered_lines": 0, "num_statements": 9, "percent_covered": 0.0, "percent_covered_display": "0", "missing_lines": 9, "excluded_lines": 0}, "missing_lines": [60, 61, 62, 63, 64, 68, 69, 71, 72], "excluded_lines": []}, "OptimizedAudioProcessor": {"executed_lines": [], "summary": {"covered_lines": 0, "num_statements": 62, "percent_covered": 0.0, "percent_covered_display": "0", "missing_lines": 62, "excluded_lines": 0}, "missing_lines": [79, 80, 81, 82, 83, 84, 87, 90, 91, 94, 95, 98, 101, 102, 105, 109, 111, 112, 121, 124, 125, 128, 129, 130, 133, 134, 144, 145, 146, 149, 157, 167, 168, 169, 170, 171, 175, 176, 180, 184, 185, 193, 194, 196, 197, 199, 201, 211, 222, 226, 227, 229, 230, 234, 235, 239, 240, 244, 245, 247, 248, 249], "excluded_lines": []}, "": {"executed_lines": [], "summary": {"covered_lines": 0, "num_statements": 48, "percent_covered": 0.0, "percent_covered_display": "0", "missing_lines": 48, "excluded_lines": 0}, "missing_lines": [6, 7, 8, 9, 10, 11, 12, 13, 16, 18, 20, 21, 22, 24, 25, 27, 28, 29, 30, 31, 32, 34, 35, 37, 38, 39, 40, 41, 43, 48, 55, 58, 66, 74, 77, 107, 165, 173, 178, 182, 209, 219, 224, 232, 237, 242, 251, 253], "excluded_lines": []}}}, "voice/optimized_voice_service.py": {"executed_lines": [], "summary": {"covered_lines": 0, "num_statements": 189, "percent_covered": 0.0, "percent_covered_display": "0", "missing_lines": 189, "excluded_lines": 0}, "missing_lines": [6, 7, 8, 9, 10, 11, 12, 13, 16, 18, 20, 21, 22, 23, 24, 26, 27, 29, 30, 31, 32, 33, 34, 35, 37, 38, 40, 41, 42, 43, 44, 46, 47, 49, 50, 51, 52, 53, 54, 56, 58, 60, 61, 63, 66, 68, 69, 72, 73, 74, 77, 78, 79, 82, 83, 84, 87, 88, 89, 92, 95, 96, 97, 100, 108, 110, 112, 113, 116, 117, 118, 120, 121, 123, 124, 126, 127, 128, 129, 130, 132, 134, 136, 137, 140, 143, 152, 153, 156, 158, 159, 161, 163, 164, 165, 167, 168, 171, 181, 184, 186, 187, 189, 191, 192, 194, 195, 196, 198, 199, 202, 203, 204, 207, 210, 211, 213, 214, 215, 217, 220, 222, 224, 226, 227, 229, 230, 231, 233, 236, 237, 238, 241, 244, 245, 247, 248, 249, 252, 254, 256, 258, 259, 260, 262, 265, 274, 276, 278, 280, 281, 282, 284, 285, 296, 298, 299, 301, 303, 305, 307, 308, 319, 322, 324, 327, 329, 332, 334, 337, 338, 340, 343, 344, 346, 349, 351, 352, 353, 354, 355, 356, 358, 360, 362, 363, 364, 365, 366], "excluded_lines": [], "functions": {"OptimizedAudioData.__post_init__": {"executed_lines": [], "summary": {"covered_lines": 0, "num_statements": 3, "percent_covered": 0.0, "percent_covered_display": "0", "missing_lines": 3, "excluded_lines": 0}, "missing_lines": [58, 60, 61], "excluded_lines": []}, "OptimizedVoiceService.__init__": {"executed_lines": [], "summary": {"covered_lines": 0, "num_statements": 20, "percent_covered": 0.0, "percent_covered_display": "0", "missing_lines": 20, "excluded_lines": 0}, "missing_lines": [68, 69, 72, 73, 74, 77, 78, 79, 82, 83, 84, 87, 88, 89, 92, 95, 96, 97, 100, 108], "excluded_lines": []}, "OptimizedVoiceService.initialize": {"executed_lines": [], "summary": {"covered_lines": 0, "num_statements": 14, "percent_covered": 0.0, "percent_covered_display": "0", "missing_lines": 14, "excluded_lines": 0}, "missing_lines": [112, 113, 116, 117, 118, 120, 121, 123, 124, 126, 127, 128, 129, 130], "excluded_lines": []}, "OptimizedVoiceService.start_session": {"executed_lines": [], "summary": {"covered_lines": 0, "num_statements": 10, "percent_covered": 0.0, "percent_covered_display": "0", "missing_lines": 10, "excluded_lines": 0}, "missing_lines": [134, 136, 137, 140, 143, 152, 153, 156, 158, 159], "excluded_lines": []}, "OptimizedVoiceService.end_session": {"executed_lines": [], "summary": {"covered_lines": 0, "num_statements": 10, "percent_covered": 0.0, "percent_covered_display": "0", "missing_lines": 10, "excluded_lines": 0}, "missing_lines": [163, 164, 165, 167, 168, 171, 181, 184, 186, 187], "excluded_lines": []}, "OptimizedVoiceService.process_voice_input": {"executed_lines": [], "summary": {"covered_lines": 0, "num_statements": 19, "percent_covered": 0.0, "percent_covered_display": "0", "missing_lines": 19, "excluded_lines": 0}, "missing_lines": [191, 192, 194, 195, 196, 198, 199, 202, 203, 204, 207, 210, 211, 213, 214, 215, 217, 220, 222], "excluded_lines": []}, "OptimizedVoiceService.generate_voice_output": {"executed_lines": [], "summary": {"covered_lines": 0, "num_statements": 17, "percent_covered": 0.0, "percent_covered_display": "0", "missing_lines": 17, "excluded_lines": 0}, "missing_lines": [226, 227, 229, 230, 231, 233, 236, 237, 238, 241, 244, 245, 247, 248, 249, 252, 254], "excluded_lines": []}, "OptimizedVoiceService.process_command": {"executed_lines": [], "summary": 
[...]
1], "excluded_lines": []}, "VoiceUIComponents._start_recording_threads.update_visualization": {"executed_lines": [], "summary": {"covered_lines": 0, "num_statements": 5, "percent_covered": 0.0, "percent_covered_display": "0", "missing_lines": 5, "excluded_lines": 0}, "missing_lines": [778, 780, 781, 782, 783], "excluded_lines": []}, "VoiceUIComponents._stop_recording_threads": {"executed_lines": [], "summary": {"covered_lines": 0, "num_statements": 2, "percent_covered": 0.0, "percent_covered_display": "0", "missing_lines": 2, "excluded_lines": 0}, "missing_lines": [791, 792], "excluded_lines": []}, "VoiceUIComponents._update_waveform_data": {"executed_lines": [], "summary": {"covered_lines": 0, "num_statements": 3, "percent_covered": 0.0, "percent_covered_display": "0", "missing_lines": 3, "excluded_lines": 0}, "missing_lines": [797, 800, 801], "excluded_lines": []}, "VoiceUIComponents._process_audio_transcription": {"executed_lines": [], "summary": {"covered_lines": 0, "num_statements": 14, "percent_covered": 0.0, "percent_covered_display": "0", "missing_lines": 14, "excluded_lines": 0}, "missing_lines": [805, 806, 808, 812, 814, 821, 822, 825, 826, 828, 829, 831, 832, 833], "excluded_lines": []}, "VoiceUIComponents._reset_recording_state": {"executed_lines": [], "summary": {"covered_lines": 0, "num_statements": 4, "percent_covered": 0.0, "percent_covered_display": "0", "missing_lines": 4, "excluded_lines": 0}, "missing_lines": [837, 838, 839, 840], "excluded_lines": []}, "VoiceUIComponents._render_transcription_display": {"executed_lines": [], "summary": {"covered_lines": 0, "num_statements": 20, "percent_covered": 0.0, "percent_covered_display": "0", "missing_lines": 20, "excluded_lines": 0}, "missing_lines": [844, 845, 847, 850, 852, 853, 865, 867, 868, 869, 871, 872, 873, 875, 876, 877, 879, 880, 881, 882], "excluded_lines": []}, "VoiceUIComponents._get_confidence_class": {"executed_lines": [], "summary": {"covered_lines": 0, "num_statements": 5, "percent_covered": 0.0, "percent_covered_display": "0", "missing_lines": 5, "excluded_lines": 0}, "missing_lines": [886, 887, 888, 889, 891], "excluded_lines": []}, "VoiceUIComponents._enable_transcription_editing": {"executed_lines": [], "summary": {"covered_lines": 0, "num_statements": 12, "percent_covered": 0.0, "percent_covered_display": "0", "missing_lines": 12, "excluded_lines": 0}, "missing_lines": [895, 896, 898, 905, 907, 908, 909, 910, 911, 913, 914, 915], "excluded_lines": []}, "VoiceUIComponents._retry_last_recording": {"executed_lines": [], "summary": {"covered_lines": 0, "num_statements": 5, "percent_covered": 0.0, "percent_covered_display": "0", "missing_lines": 5, "excluded_lines": 0}, "missing_lines": [919, 920, 921, 923, 924], "excluded_lines": []}, "VoiceUIComponents._send_transcription_to_chat": {"executed_lines": [], "summary": {"covered_lines": 0, "num_statements": 9, "percent_covered": 0.0, "percent_covered_display": "0", "missing_lines": 9, "excluded_lines": 0}, "missing_lines": [928, 929, 930, 933, 936, 937, 939, 946, 949], "excluded_lines": []}, "VoiceUIComponents._render_voice_output_controls": {"executed_lines": [], "summary": {"covered_lines": 0, "num_statements": 4, "percent_covered": 0.0, "percent_covered_display": "0", "missing_lines": 4, "excluded_lines": 0}, "missing_lines": [953, 956, 959, 962], "excluded_lines": []}, "VoiceUIComponents._render_voice_profile_selector": {"executed_lines": [], "summary": {"covered_lines": 0, "num_statements": 18, "percent_covered": 0.0, "percent_covered_display": "0", "missing_lines": 18, "excluded_lines": 0}, "missing_lines": [966, 968, 969, 970, 972, 975, 977, 978, 980, 981, 983, 984, 986, 994, 995, 997, 998, 999], "excluded_lines": []}, "VoiceUIComponents._test_voice_profile": {"executed_lines": [], "summary": {"covered_lines": 0, "num_statements": 8, "percent_covered": 0.0, "percent_covered_display": "0", "missing_lines": 8, "excluded_lines": 0}, "missing_lines": [1003, 1005, 1006, 1010, 1011, 1013, 1014, 1015], "excluded_lines": []}, "VoiceUIComponents._render_playback_controls": {"executed_lines": [], "summary": {"covered_lines": 0, "num_statements": 9, "percent_covered": 0.0, "percent_covered_display": "0", "missing_lines": 9, "excluded_lines": 0}, "missing_lines": [1019, 1020, 1043, 1044, 1046, 1047, 1049, 1050, 1051], "excluded_lines": []}, "VoiceUIComponents._render_audio_controls": {"executed_lines": [], "summary": {"covered_lines": 0, "num_statements": 10, "percent_covered": 0.0, "percent_covered_display": "0", "missing_lines": 10, "excluded_lines": 0}, "missing_lines": [1055, 1056, 1058, 1060, 1069, 1078, 1080, 1090, 1098, 1099], "excluded_lines": []}, "VoiceUIComponents._apply_audio_settings": {"executed_lines": [], "summary": {"covered_lines": 0, "num_statements": 12, "percent_covered": 0.0, "percent_covered_display": "0", "missing_lines": 12, "excluded_lines": 0}, "missing_lines": [1103, 1105, 1106, 1107, 1109, 1110, 1111, 1113, 1115, 1117, 1118, 1119], "excluded_lines": []}, "VoiceUIComponents._render_audio_visualization": {"executed_lines": [], "summary": {"covered_lines": 0, "num_statements": 11, "percent_covered": 0.0, "percent_covered_display": "0", "missing_lines": 11, "excluded_lines": 0}, "missing_lines": [1123, 1125, 1127, 1134, 1137, 1139, 1140, 1142, 1143, 1145, 1146], "excluded_lines": []}, "VoiceUIComponents._render_audio_level_meter": {"executed_lines": [], "summary": {"covered_lines": 0, "num_statements": 3, "percent_covered": 0.0, "percent_covered_display": "0", "missing_lines": 3, "excluded_lines": 0}, "missing_lines": [1150, 1151, 1153], "excluded_lines": []}, "VoiceUIComponents._get_level_color": {"executed_lines": [], "summary": {"covered_lines": 0, "num_statements": 5, "percent_covered": 0.0, "percent_covered_display": "0", "missing_lines": 5, "excluded_lines": 0}, "missing_lines": [1178, 1179, 1180, 1181, 1183], "excluded_lines": []}, "VoiceUIComponents._render_audio_quality_indicator": {"executed_lines": [], "summary": {"covered_lines": 0, "num_statements": 9, "percent_covered": 0.0, "percent_covered_display": "0", "missing_lines": 9, "excluded_lines": 0}, "missing_lines": [1187, 1188, 1191, 1192, 1193, 1196, 1197, 1198, 1200], "excluded_lines": []}, "VoiceUIComponents._calculate_audio_quality": {"executed_lines": [], "summary": {"covered_lines": 0, "num_statements": 7, "percent_covered": 0.0, "percent_covered_display": "0", "missing_lines": 7, "excluded_lines": 0}, "missing_lines": [1205, 1206, 1207, 1208, 1209, 1210, 1212], "excluded_lines": []}, "VoiceUIComponents._get_quality_text": {"executed_lines": [], "summary": {"covered_lines": 0, "num_statements": 7, "percent_covered": 0.0, "percent_covered_display": "0", "missing_lines": 7, "excluded_lines": 0}, "missing_lines": [1216, 1217, 1218, 1219, 1220, 1221, 1223], "excluded_lines": []}, "VoiceUIComponents._get_quality_color": {"executed_lines": [], "summary": {"covered_lines": 0, "num_statements": 5, "percent_covered": 0.0, "percent_covered_display": "0", "missing_lines": 5, "excluded_lines": 0}, "missing_lines": [1227, 1228, 1229, 1230, 1232], "excluded_lines": []}, "VoiceUIComponents._render_expandable_sections": {"executed_lines": [], "summary": {"covered_lines": 0, "num_statements": 7, "percent_covered": 0.0, "percent_covered_display": "0", "missing_lines": 7, "excluded_lines": 0}, "missing_lines": [1236, 1238, 1239, 1240, 1242, 1243, 1244], "excluded_lines": []}, "VoiceUIComponents._render_voice_settings_panel": {"executed_lines": [], "summary": {"covered_lines": 0, "num_statements": 33, "percent_covered": 0.0, "percent_covered_display": "0", "missing_lines": 33, "excluded_lines": 0}, "missing_lines": [1248, 1251, 1253, 1254, 1255, 1256, 1258, 1259, 1260, 1261, 1264, 1265, 1267, 1268, 1269, 1271, 1272, 1273, 1276, 1277, 1279, 1280, 1281, 1284, 1285, 1287, 1288, 1289, 1291, 1292, 1293, 1296, 1297], "excluded_lines": []}, "VoiceUIComponents._get_available_stt_services": {"executed_lines": [], "summary": {"covered_lines": 0, "num_statements": 8, "percent_covered": 0.0, "percent_covered_display": "0", "missing_lines": 8, "excluded_lines": 0}, "missing_lines": [1315, 1317, 1318, 1319, 1320, 1321, 1322, 1324], "excluded_lines": []}, "VoiceUIComponents._get_available_tts_services": {"executed_lines": [], "summary": {"covered_lines": 0, "num_statements": 8, "percent_covered": 0.0, "percent_covered_display": "0", "missing_lines": 8, "excluded_lines": 0}, "missing_lines": [1328, 1330, 1331, 1332, 1333, 1334, 1335, 1337], "excluded_lines": []}, "VoiceUIComponents._apply_voice_settings": {"executed_lines": [], "summary": {"covered_lines": 0, "num_statements": 14, "percent_covered": 0.0, "percent_covered_display": "0", "missing_lines": 14, "excluded_lines": 0}, "missing_lines": [1341, 1343, 1344, 1345, 1346, 1347, 1348, 1349, 1351, 1354, 1355, 1357, 1358, 1359], "excluded_lines": []}, "VoiceUIComponents._render_voice_commands_panel": {"executed_lines": [], "summary": {"covered_lines": 0, "num_statements": 17, "percent_covered": 0.0, "percent_covered_display": "0", "missing_lines": 17, "excluded_lines": 0}, "missing_lines": [1363, 1364, 1365, 1368, 1371, 1374, 1375, 1379, 1380, 1381, 1382, 1383, 1384, 1387, 1388, 1389, 1390], "excluded_lines": []}, "VoiceUIComponents._get_available_voice_commands": {"executed_lines": [], "summary": {"covered_lines": 0, "num_statements": 1, "percent_covered": 0.0, "percent_covered_display": "0", "missing_lines": 1, "excluded_lines": 0}, "missing_lines": [1394], "excluded_lines": []}, "VoiceUIComponents._render_command_item": {"executed_lines": [], "summary": {"covered_lines": 0, "num_statements": 6, "percent_covered": 0.0, "percent_covered_display": "0", "missing_lines": 6, "excluded_lines": 0}, "missing_lines": [1470, 1472, 1486, 1487, 1488, 1489], "excluded_lines": []}, "VoiceUIComponents._render_keyboard_shortcuts": {"executed_lines": [], "summary": {"covered_lines": 0, "num_statements": 4, "percent_covered": 0.0, "percent_covered_display": "0", "missing_lines": 4, "excluded_lines": 0}, "missing_lines": [1493, 1494, 1506, 1507], "excluded_lines": []}, "VoiceUIComponents._show_keyboard_shortcuts": {"executed_lines": [], "summary": {"covered_lines": 0, "num_statements": 1, "percent_covered": 0.0, "percent_covered_display": "0", "missing_lines": 1, "excluded_lines": 0}, "missing_lines": [1511], "excluded_lines": []}, "VoiceUIComponents._trigger_emergency_protocol": {"executed_lines": [], "summary": {"covered_lines": 0, "num_statements": 3, "percent_covered": 0.0, "percent_covered_display": "0", "missing_lines": 3, "excluded_lines": 0}, "missing_lines": [1527, 1541, 1542], "excluded_lines": []}, "VoiceUIComponents._on_text_received": {"executed_lines": [], "summary": {"covered_lines": 0, "num_statements": 2, "percent_covered": 0.0, "percent_covered_display": "0", "missing_lines": 2, "excluded_lines": 0}, "missing_lines": [1547, 1548], "excluded_lines": []}, "VoiceUIComponents._on_audio_played": {"executed_lines": [], "summary": {"covered_lines": 0, "num_statements": 2, "percent_covered": 0.0, "percent_covered_display": "0", "missing_lines": 2, "excluded_lines": 0}, "missing_lines": [1552, 1553], "excluded_lines": []}, "VoiceUIComponents._on_command_executed": {"executed_lines": [], "summary": {"covered_lines": 0, "num_statements": 3, "percent_covered": 0.0, "percent_covered_display": "0", "missing_lines": 3, "excluded_lines": 0}, "missing_lines": [1557, 1558, 1559], "excluded_lines": []}, "VoiceUIComponents._on_error": {"executed_lines": [], "summary": {"covered_lines": 0, "num_statements": 2, "percent_covered": 0.0, "percent_covered_display": "0", "missing_lines": 2, "excluded_lines": 0}, "missing_lines": [1563, 1564], "excluded_lines": []}, "VoiceUIComponents.set_callbacks": {"executed_lines": [], "summary": {"covered_lines": 0, "num_statements": 3, "percent_covered": 0.0, "percent_covered_display": "0", "missing_lines": 3, "excluded_lines": 0}, "missing_lines": [1572, 1573, 1574], "excluded_lines": []}, "VoiceUIComponents.get_current_transcription": {"executed_lines": [], "summary": {"covered_lines": 0, "num_statements": 1, "percent_covered": 0.0, "percent_covered_display": "0", "missing_lines": 1, "excluded_lines": 0}, "missing_lines": [1578], "excluded_lines": []}, "VoiceUIComponents.is_recording": {"executed_lines": [], "summary": {"covered_lines": 0, "num_statements": 1, "percent_covered": 0.0, "percent_covered_display": "0", "missing_lines": 1, "excluded_lines": 0}, "missing_lines": [1582], "excluded_lines": []}, "VoiceUIComponents.is_playing": {"executed_lines": [], "summary": {"covered_lines": 0, "num_statements": 1, "percent_covered": 0.0, "percent_covered_display": "0", "missing_lines": 1, "excluded_lines": 0}, "missing_lines": [1586], "excluded_lines": []}, "VoiceUIComponents.get_ui_state": {"executed_lines": [], "summary": {"covered_lines": 0, "num_statements": 1, "percent_covered": 0.0, "percent_covered_display": "0", "missing_lines": 1, "excluded_lines": 0}, "missing_lines": [1590], "excluded_lines": []}, "VoiceUIComponents.reset_ui_state": {"executed_lines": [], "summary": {"covered_lines": 0, "num_statements": 4, "percent_covered": 0.0, "percent_covered_display": "0", "missing_lines": 4, "excluded_lines": 0}, "missing_lines": [1594, 1595, 1596, 1597], "excluded_lines": []}, "VoiceUIComponents.enable_accessibility_mode": {"executed_lines": [], "summary": {"covered_lines": 0, "num_statements": 4, "percent_covered": 0.0, "percent_covered_display": "0", "missing_lines": 4, "excluded_lines": 0}, "missing_lines": [1601, 1603, 1604, 1605], "excluded_lines": []}, "VoiceUIComponents.enable_mobile_optimization": {"executed_lines": [], "summary": {"covered_lines": 0, "num_statements": 4, "percent_covered": 0.0, "percent_covered_display": "0", "missing_lines": 4, "excluded_lines": 0}, "missing_lines": [1614, 1616, 1617, 1618], "excluded_lines": []}, "create_voice_ui": {"executed_lines": [], "summary": {"covered_lines": 0, "num_statements": 1, "percent_covered": 0.0, "percent_covered_display": "0", "missing_lines": 1, "excluded_lines": 0}, "missing_lines": [1629], "excluded_lines": []}, "": {"executed_lines": [], "summary": {"covered_lines": 0, "num_statements": 129, "percent_covered": 0.0, "percent_covered_display": "0", "missing_lines": 129, "excluded_lines": 0}, "missing_lines": [21, 22, 23, 24, 25, 26, 28, 29, 30, 31, 32, 33, 34, 35, 36, 37, 40, 41, 42, 43, 44, 45, 47, 48, 49, 50, 53, 54, 59, 60, 66, 68, 69, 70, 71, 72, 74, 76, 77, 78, 79, 81, 82, 84, 85, 86, 87, 88, 90, 91, 93, 94, 95, 96, 97, 98, 99, 100, 101, 102, 103, 104, 106, 109, 142, 149, 160, 407, 447, 460, 473, 550, 575, 586, 597, 604, 614, 649, 699, 710, 723, 742, 764, 788, 794, 803, 835, 842, 884, 893, 917, 926, 951, 964, 1001, 1017, 1053, 1101, 1121, 1148, 1176, 1185, 1202, 1214, 1225, 1234, 1246, 1313, 1326, 1339, 1361, 1392, 1468, 1491, 1509, 1525, 1545, 1550, 1555, 1561, 1567, 1576, 1580, 1584, 1588, 1592, 1599, 1612, 1627], "excluded_lines": []}}, "classes": {"RecordingState": {"executed_lines": [], "summary": {"covered_lines": 0, "num_statements": 0, "percent_covered": 100.0, "percent_covered_display": "100", "missing_lines": 0, "excluded_lines": 0}, "missing_lines": [], "excluded_lines": []}, "PlaybackState": {"executed_lines": [], "summary": {"covered_lines": 0, "num_statements": 0, "percent_covered": 100.0, "percent_covered_display": "100", "missing_lines": 0, "excluded_lines": 0}, "missing_lines": [], "excluded_lines": []}, "TranscriptionResult": {"executed_lines": [], "summary": {"covered_lines": 0, "num_statements": 0, "percent_covered": 100.0, "percent_covered_display": "100", "missing_lines": 0, "excluded_lines": 0}, "missing_lines": [], "excluded_lines": []}, "VoiceUIState": {"executed_lines": [], "summary": {"covered_lines": 0, "num_statements": 0, "percent_covered": 100.0, "percent_covered_display": "100", "missing_lines": 0, "excluded_lines": 0}, "missing_lines": [], "excluded_lines": []}, "VoiceUIComponents": {"executed_lines": [], "summary": {"covered_lines": 0, "num_statements": 524, "percent_covered": 0.0, "percent_covered_display": "0", "missing_lines": 524, "excluded_lines": 0}, "missing_lines": [111, 112, 113, 116, 117, 120, 121, 124, 125, 126, 129, 130, 131, 134, 137, 140, 144, 145, 146, 147, 151, 152, 153, 154, 156, 157, 158, 162, 405, 409, 410, 411, 414, 415, 418, 420, 423, 426, 429, 432, 435, 436, 439, 442, 443, 445, 449, 462, 463, 465, 466, 468, 469, 471, 475, 477, 484, 485, 487, 488, 489, 490, 491, 493, 494, 495, 496, 497, 499, 500, 508, 509, 514, 520, 521, 526, 528, 530, 531, 532, 533, 537, 538, 540, 541, 542, 543, 545, 546, 548, 552, 554, 555, 558, 559, 560, 561, 562, 563, 565, 567, 568, 570, 572, 573, 577, 584, 588, 595, 599, 600, 602, 606, 609, 610, 612, 616, 618, 620, 621, 623, 629, 631, 633, 634, 636, 637, 640, 641, 643, 644, 646, 647, 651, 653, 655, 656, 658, 667, 668, 670, 672, 673, 675, 676, 678, 680, 681, 683, 684, 685, 688, 689, 691, 693, 695, 697, 701, 708, 712, 713, 714, 715, 716, 717, 718, 719, 720, 721, 725, 726, 727, 729, 730, 731, 732, 733, 734, 736, 737, 738, 739, 740, 744, 745, 746, 748, 749, 751, 753, 755, 756, 758, 759, 760, 761, 762, 767, 768, 769, 770, 771, 773, 774, 777, 778, 780, 781, 782, 783, 785, 786, 791, 792, 797, 800, 801, 805, 806, 808, 812, 814, 821, 822, 825, 826, 828, 829, 831, 832, 833, 837, 838, 839, 840, 844, 845, 847, 850, 852, 853, 865, 867, 868, 869, 871, 872, 873, 875, 876, 877, 879, 880, 881, 882, 886, 887, 888, 889, 891, 895, 896, 898, 905, 907, 908, 909, 910, 911, 913, 914, 915, 919, 920, 921, 923, 924, 928, 929, 930, 933, 936, 937, 939, 946, 949, 953, 956, 959, 962, 966, 968, 969, 970, 972, 975, 977, 978, 980, 981, 983, 984, 986, 994, 995, 997, 998, 999, 1003, 1005, 1006, 1010, 1011, 1013, 1014, 1015, 1019, 1020, 1043, 1044, 1046, 1047, 1049, 1050, 1051, 1055, 1056, 1058, 1060, 1069, 1078, 1080, 1090, 1098, 1099, 1103, 1105, 1106, 1107, 1109, 1110, 1111, 1113, 1115, 1117, 1118, 1119, 1123, 1125, 1127, 1134, 1137, 1139, 1140, 1142, 1143, 1145, 1146, 1150, 1151, 1153, 1178, 1179, 1180, 1181, 1183, 1187, 1188, 1191, 1192, 1193, 1196, 1197, 1198, 1200, 1205, 1206, 1207, 1208, 1209, 1210, 1212, 1216, 1217, 1218, 1219, 1220, 1221, 1223, 1227, 1228, 1229, 1230, 1232, 1236, 1238, 1239, 1240, 1242, 1243, 1244, 1248, 1251, 1253, 1254, 1255, 1256, 1258, 1259, 1260, 1261, 1264, 1265, 1267, 1268, 1269, 1271, 1272, 1273, 1276, 1277, 1279, 1280, 1281, 1284, 1285, 1287, 1288, 1289, 1291, 1292, 1293, 1296, 1297, 1315, 1317, 1318, 1319, 1320, 1321, 1322, 1324, 1328, 1330, 1331, 1332, 1333, 1334, 1335, 1337, 1341, 1343, 1344, 1345, 1346, 1347, 1348, 1349, 1351, 1354, 1355, 1357, 1358, 1359, 1363, 1364, 1365, 1368, 1371, 1374, 1375, 1379, 1380, 1381, 1382, 1383, 1384, 1387, 1388, 1389, 1390, 1394, 1470, 1472, 1486, 1487, 1488, 1489, 1493, 1494, 1506, 1507, 1511, 1527, 1541, 1542, 1547, 1548, 1552, 1553, 1557, 1558, 1559, 1563, 1564, 1572, 1573, 1574, 1578, 1582, 1586, 1590, 1594, 1595, 1596, 1597, 1601, 1603, 1604, 1605, 1614, 1616, 1617, 1618], "excluded_lines": []}, "": {"executed_lines": [], "summary": {"covered_lines": 0, "num_statements": 130, "percent_covered": 0.0, "percent_covered_display": "0", "missing_lines": 130, "excluded_lines": 0}, "missing_lines": [21, 22, 23, 24, 25, 26, 28, 29, 30, 31, 32, 33, 34, 35, 36, 37, 40, 41, 42, 43, 44, 45, 47, 48, 49, 50, 53, 54, 59, 60, 66, 68, 69, 70, 71, 72, 74, 76, 77, 78, 79, 81, 82, 84, 85, 86, 87, 88, 90, 91, 93, 94, 95, 96, 97, 98, 99, 100, 101, 102, 103, 104, 106, 109, 142, 149, 160, 407, 447, 460, 473, 550, 575, 586, 597, 604, 614, 649, 699, 710, 723, 742, 764, 788, 794, 803, 835, 842, 884, 893, 917, 926, 951, 964, 1001, 1017, 1053, 1101, 1121, 1148, 1176, 1185, 1202, 1214, 1225, 1234, 1246, 1313, 1326, 1339, 1361, 1392, 1468, 1491, 1509, 1525, 1545, 1550, 1555, 1561, 1567, 1576, 1580, 1584, 1588, 1592, 1599, 1612, 1627, 1629], "excluded_lines": []}}}}, "totals": {"covered_lines": 0, "num_statements": 4782, "percent_covered": 0.0, "percent_covered_display": "0", "missing_lines": 4782, "excluded_lines": 0}}